<?xml version="1.0" encoding="UTF-8" standalone="yes"?><!DOCTYPE report PUBLIC "-//JACOCO//DTD Report 1.1//EN" "report.dtd"><report name="assignment2"><sessioninfo id="Davids-MacBook-Pro.local-843ec931" start="1761779857505" dump="1761779857806"/><package name="com/se310/store/singleton"><class name="com/se310/store/singleton/RealStoreService" sourcefilename="RealStoreService.java"><method name="&lt;init&gt;" desc="()V" line="37"><counter type="INSTRUCTION" missed="0" covered="3"/><counter type="LINE" missed="0" covered="1"/><counter type="COMPLEXITY" missed="0" covered="1"/><counter type="METHOD" missed="0" covered="1"/></method><method name="getInstance" desc="()Lcom/se310/store/singleton/RealStoreService;" line="43"><counter type="INSTRUCTION" missed="0" covered="17"/><counter type="BRANCH" missed="2" covered="2"/><counter type="LINE" missed="0" covered="6"/><counter type="COMPLEXITY" missed="2" covered="1"/><counter type="METHOD" missed="0" covered="1"/></method><method name="provisionStore" desc="(Ljava/lang/String;Ljava/lang/String;Ljava/lang/String;Ljava/lang/String;)Lcom/se310/store/model/Store;" line="75"><counter type="INSTRUCTION" missed="6" covered="14"/><counter type="BRANCH" missed="1" covered="1"/><counter type="LINE" missed="1" covered="3"/><counter type="COMPLEXITY" missed="1" covered="1"/><counter type="METHOD" missed="0" covered="1"/></method><method name="showStore" desc="(Ljava/lang/String;Ljava/lang/String;)Lcom/se310/store/model/Store;" line="87"><counter type="INSTRUCTION" missed="6" covered="9"/><counter type="BRANCH" missed="1" covered="1"/><counter type="LINE" missed="1" covered="3"/><counter type="COMPLEXITY" missed="1" covered="1"/><counter type="METHOD" missed="0" covered="1"/></method><method name="provisionAisle" desc="(Ljava/lang/String;Ljava/lang/String;Ljava/lang/String;Ljava/lang/String;Lcom/se310/store/model/AisleLocation;Ljava/lang/String;)Lcom/se310/store/model/Aisle;" line="97"><counter type="INSTRUCTION" missed="6" covered="16"/><counter type="BRANCH" missed="1" covered="1"/><counter type="LINE" missed="1" covered="4"/><counter type="COMPLEXITY" missed="1" covered="1"/><counter type="METHOD" missed="0" covered="1"/></method><method name="showAisle" desc="(Ljava/lang/String;Ljava/lang/String;Ljava/lang/String;)Lcom/se310/store/model/Aisle;" line="111"><counter type="INSTRUCTION" missed="12" covered="15"/><counter type="BRANCH" missed="2" covered="2"/><counter type="LINE" missed="2" covered="5"/><counter type="COMPLEXITY" missed="2" covered="1"/><counter type="METHOD" missed="0" covered="1"/></method><method name="provisionShelf" desc="(Ljava/lang/String;Ljava/lang/String;Ljava/lang/String;Ljava/lang/String;Lcom/se310/store/model/ShelfLevel;Ljava/lang/String;Lcom/se310/store/model/Temperature;Ljava/lang/String;)Lcom/se310/store/model/Shelf;" line="129"><counter type="INSTRUCTION" missed="18" covered="29"/><counter type="BRANCH" missed="3" covered="3"/><counter type="LINE" missed="3" covered="8"/><counter type="COMPLEXITY" missed="3" covered="1"/><counter type="METHOD" missed="0" covered="1"/></method><method name="showShelf" desc="(Ljava/lang/String;Ljava/lang/String;Ljava/lang/String;Ljava/lang/String;)Lcom/se310/store/model/Shelf;" line="155"><counter type="INSTRUCTION" missed="12" covered="27"/><counter type="BRANCH" missed="2" covered="4"/><counter type="LINE" missed="2" covered="8"/><counter type="COMPLEXITY" missed="2" covered="2"/><counter type="METHOD" missed="0" covered="1"/></method><method name="provisionInventory" desc="(Ljava/lang/String;Ljava/lang/String;Ljava/lang/String;Ljava/lang/String;IILjava/lang/String;Lcom/se310/store/model/InventoryType;Ljava/lang/String;)Lcom/se310/store/model/Inventory;" line="180"><counter type="INSTRUCTION" missed="24" covered="59"/><counter type="BRANCH" missed="4" covered="6"/><counter type="LINE" missed="4" covered="14"/><counter type="COMPLEXITY" missed="4" covered="2"/><counter type="METHOD" missed="0" covered="1"/></method><method name="showInventory" desc="(Ljava/lang/String;Ljava/lang/String;)Lcom/se310/store/model/Inventory;" line="224"><counter type="INSTRUCTION" missed="0" covered="15"/><counter type="BRANCH" missed="0" covered="2"/><counter type="LINE" missed="0" covered="4"/><counter type="COMPLEXITY" missed="0" covered="2"/><counter type="METHOD" missed="0" covered="1"/></method><method name="updateInventory" desc="(Ljava/lang/String;ILjava/lang/String;)Lcom/se310/store/model/Inventory;" line="232"><counter type="INSTRUCTION" missed="0" covered="18"/><counter type="BRANCH" missed="0" covered="2"/><counter type="LINE" missed="0" covered="5"/><counter type="COMPLEXITY" missed="0" covered="2"/><counter type="METHOD" missed="0" covered="1"/></method><method name="provisionProduct" desc="(Ljava/lang/String;Ljava/lang/String;Ljava/lang/String;Ljava/lang/String;Ljava/lang/String;DLcom/se310/store/model/Temperature;Ljava/lang/String;)Lcom/se310/store/model/Product;" line="245"><counter type="INSTRUCTION" missed="6" covered="19"/><counter type="BRANCH" missed="1" covered="1"/><counter type="LINE" missed="1" covered="3"/><counter type="COMPLEXITY" missed="1" covered="1"/><counter type="METHOD" missed="0" covered="1"/></method><method name="showProduct" desc="(Ljava/lang/String;Ljava/lang/String;)Lcom/se310/store/model/Product;" line="255"><counter type="INSTRUCTION" missed="6" covered="9"/><counter type="BRANCH" missed="1" covered="1"/><counter type="LINE" missed="1" covered="3"/><counter type="COMPLEXITY" missed="1" covered="1"/><counter type="METHOD" missed="0" covered="1"/></method><method name="provisionCustomer" desc="(Ljava/lang/String;Ljava/lang/String;Ljava/lang/String;Lcom/se310/store/model/CustomerType;Ljava/lang/String;Ljava/lang/String;Ljava/lang/String;)Lcom/se310/store/model/Customer;" line="267"><counter type="INSTRUCTION" missed="6" covered="17"/><counter type="BRANCH" missed="1" covered="1"/><counter type="LINE" missed="1" covered="3"/><counter type="COMPLEXITY" missed="1" covered="1"/><counter type="METHOD" missed="0" covered="1"/></method><method name="updateCustomer" desc="(Ljava/lang/String;Ljava/lang/String;Ljava/lang/String;Ljava/lang/String;)Lcom/se310/store/model/Customer;" line="277"><counter type="INSTRUCTION" missed="57" covered="38"/><counter type="BRANCH" missed="8" covered="4"/><counter type="LINE" missed="14" covered="10"/><counter type="COMPLEXITY" missed="6" covered="1"/><counter type="METHOD" missed="0" covered="1"/></method><method name="showCustomer" desc="(Ljava/lang/String;Ljava/lang/String;)Lcom/se310/store/model/Customer;" line="331"><counter type="INSTRUCTION" missed="6" covered="9"/><counter type="BRANCH" missed="1" covered="1"/><counter type="LINE" missed="1" covered="3"/><counter type="COMPLEXITY" missed="1" covered="1"/><counter type="METHOD" missed="0" covered="1"/></method><method name="provisionBasket" desc="(Ljava/lang/String;Ljava/lang/String;)Lcom/se310/store/model/Basket;" line="340"><counter type="INSTRUCTION" missed="6" covered="12"/><counter type="BRANCH" missed="1" covered="1"/><counter type="LINE" missed="1" covered="3"/><counter type="COMPLEXITY" missed="1" covered="1"/><counter type="METHOD" missed="0" covered="1"/></method><method name="assignCustomerBasket" desc="(Ljava/lang/String;Ljava/lang/String;Ljava/lang/String;)Lcom/se310/store/model/Basket;" line="350"><counter type="INSTRUCTION" missed="12" covered="43"/><counter type="BRANCH" missed="2" covered="2"/><counter type="LINE" missed="2" covered="11"/><counter type="COMPLEXITY" missed="2" covered="1"/><counter type="METHOD" missed="0" covered="1"/></method><method name="getCustomerBasket" desc="(Ljava/lang/String;Ljava/lang/String;)Lcom/se310/store/model/Basket;" line="379"><counter type="INSTRUCTION" missed="12" covered="14"/><counter type="BRANCH" missed="2" covered="2"/><counter type="LINE" missed="2" covered="5"/><counter type="COMPLEXITY" missed="2" covered="1"/><counter type="METHOD" missed="0" covered="1"/></method><method name="addBasketProduct" desc="(Ljava/lang/String;Ljava/lang/String;ILjava/lang/String;)Lcom/se310/store/model/Basket;" line="397"><counter type="INSTRUCTION" missed="18" covered="23"/><counter type="BRANCH" missed="3" covered="3"/><counter type="LINE" missed="3" covered="7"/><counter type="COMPLEXITY" missed="3" covered="1"/><counter type="METHOD" missed="0" covered="1"/></method><method name="removeBasketProduct" desc="(Ljava/lang/String;Ljava/lang/String;ILjava/lang/String;)Lcom/se310/store/model/Basket;" line="416"><counter type="INSTRUCTION" missed="18" covered="23"/><counter type="BRANCH" missed="3" covered="3"/><counter type="LINE" missed="3" covered="7"/><counter type="COMPLEXITY" missed="3" covered="1"/><counter type="METHOD" missed="0" covered="1"/></method><method name="clearBasket" desc="(Ljava/lang/String;Ljava/lang/String;)Lcom/se310/store/model/Basket;" line="436"><counter type="INSTRUCTION" missed="12" covered="14"/><counter type="BRANCH" missed="2" covered="2"/><counter type="LINE" missed="2" covered="5"/><counter type="COMPLEXITY" missed="2" covered="1"/><counter type="METHOD" missed="0" covered="1"/></method><method name="showBasket" desc="(Ljava/lang/String;Ljava/lang/String;)Lcom/se310/store/model/Basket;" line="450"><counter type="INSTRUCTION" missed="6" covered="18"/><counter type="BRANCH" missed="1" covered="3"/><counter type="LINE" missed="1" covered="5"/><counter type="COMPLEXITY" missed="1" covered="2"/><counter type="METHOD" missed="0" covered="1"/></method><method name="provisionDevice" desc="(Ljava/lang/String;Ljava/lang/String;Ljava/lang/String;Ljava/lang/String;Ljava/lang/String;Ljava/lang/String;)Lcom/se310/store/model/Device;" line="465"><counter type="INSTRUCTION" missed="18" covered="94"/><counter type="BRANCH" missed="3" covered="11"/><counter type="LINE" missed="3" covered="16"/><counter type="COMPLEXITY" missed="3" covered="5"/><counter type="METHOD" missed="0" covered="1"/></method><method name="showDevice" desc="(Ljava/lang/String;Ljava/lang/String;)Lcom/se310/store/model/Device;" line="510"><counter type="INSTRUCTION" missed="6" covered="9"/><counter type="BRANCH" missed="1" covered="1"/><counter type="LINE" missed="1" covered="3"/><counter type="COMPLEXITY" missed="1" covered="1"/><counter type="METHOD" missed="0" covered="1"/></method><method name="raiseEvent" desc="(Ljava/lang/String;Ljava/lang/String;Ljava/lang/String;)V" line="520"><counter type="INSTRUCTION" missed="6" covered="11"/><counter type="BRANCH" missed="1" covered="1"/><counter type="LINE" missed="1" covered="4"/><counter type="COMPLEXITY" missed="1" covered="1"/><counter type="METHOD" missed="0" covered="1"/></method><method name="issueCommand" desc="(Ljava/lang/String;Ljava/lang/String;Ljava/lang/String;)V" line="532"><counter type="INSTRUCTION" missed="6" covered="11"/><counter type="BRANCH" missed="1" covered="1"/><counter type="LINE" missed="1" covered="4"/><counter type="COMPLEXITY" missed="1" covered="1"/><counter type="METHOD" missed="0" covered="1"/></method><method name="lambda$updateCustomer$2" desc="(Lcom/se310/store/model/Customer;Lcom/se310/store/model/Store;Lcom/se310/store/model/Customer;)V" line="307"><counter type="INSTRUCTION" missed="4" covered="0"/><counter type="LINE" missed="1" covered="0"/><counter type="COMPLEXITY" missed="1" covered="0"/><counter type="METHOD" missed="1" covered="0"/></method><method name="lambda$updateCustomer$1" desc="(Ljava/lang/String;Ljava/util/Map$Entry;)Lcom/se310/store/model/Customer;" line="303"><counter type="INSTRUCTION" missed="6" covered="0"/><counter type="LINE" missed="2" covered="0"/><counter type="COMPLEXITY" missed="1" covered="0"/><counter type="METHOD" missed="1" covered="0"/></method><method name="lambda$updateCustomer$0" desc="(Ljava/lang/String;Ljava/util/Map$Entry;)Z" line="302"><counter type="INSTRUCTION" missed="19" covered="0"/><counter type="BRANCH" missed="4" covered="0"/><counter type="LINE" missed="1" covered="0"/><counter type="COMPLEXITY" missed="3" covered="0"/><counter type="METHOD" missed="1" covered="0"/></method><method name="&lt;clinit&gt;" desc="()V" line="63"><counter type="INSTRUCTION" missed="0" covered="25"/><counter type="LINE" missed="0" covered="7"/><counter type="COMPLEXITY" missed="0" covered="1"/><counter type="METHOD" missed="0" covered="1"/></method><counter type="INSTRUCTION" missed="314" covered="611"/><counter type="BRANCH" missed="52" covered="62"/><counter type="LINE" missed="53" covered="160"/><counter type="COMPLEXITY" missed="51" covered="37"/><counter type="METHOD" missed="3" covered="28"/><counter type="CLASS" missed="0" covered="1"/></class><sourcefile name="RealStoreService.java"><line nr="37" mi="0" ci="3" mb="0" cb="0"/><line nr="43" mi="0" ci="2" mb="1" cb="1"/><line nr="44" mi="0" ci="4" mb="0" cb="0"/><line nr="45" mi="0" ci="2" mb="1" cb="1"/><line nr="46" mi="0" ci="4" mb="0" cb="0"/><line nr="48" mi="0" ci="3" mb="0" cb="0"/><line nr="50" mi="0" ci="2" mb="0" cb="0"/><line nr="63" mi="0" ci="4" mb="0" cb="0"/><line nr="64" mi="0" ci="4" mb="0" cb="0"/><line nr="65" mi="0" ci="4" mb="0" cb="0"/><line nr="66" mi="0" ci="4" mb="0" cb="0"/><line nr="67" mi="0" ci="4" mb="0" cb="0"/><line nr="68" mi="0" ci="4" mb="0" cb="0"/><line nr="69" mi="0" ci="1" mb="0" cb="0"/><line nr="75" mi="0" ci="7" mb="0" cb="0"/><line nr="78" mi="0" ci="5" mb="1" cb="1"/><line nr="79" mi="6" ci="0" mb="0" cb="0"/><line nr="81" mi="0" ci="2" mb="0" cb="0"/><line nr="87" mi="0" ci="5" mb="0" cb="0"/><line nr="88" mi="0" ci="2" mb="1" cb="1"/><line nr="89" mi="6" ci="0" mb="0" cb="0"/><line nr="91" mi="0" ci="2" mb="0" cb="0"/><line nr="97" mi="0" ci="5" mb="0" cb="0"/><line nr="101" mi="0" ci="2" mb="1" cb="1"/><line nr="102" mi="6" ci="0" mb="0" cb="0"/><line nr="104" mi="0" ci="7" mb="0" cb="0"/><line nr="107" mi="0" ci="2" mb="0" cb="0"/><line nr="111" mi="0" ci="5" mb="0" cb="0"/><line nr="114" mi="0" ci="2" mb="1" cb="1"/><line nr="115" mi="6" ci="0" mb="0" cb="0"/><line nr="118" mi="0" ci="4" mb="0" cb="0"/><line nr="119" mi="0" ci="2" mb="1" cb="1"/><line nr="120" mi="6" ci="0" mb="0" cb="0"/><line nr="123" mi="0" ci="2" mb="0" cb="0"/><line nr="129" mi="0" ci="5" mb="0" cb="0"/><line nr="133" mi="0" ci="2" mb="1" cb="1"/><line nr="134" mi="6" ci="0" mb="0" cb="0"/><line nr="136" mi="0" ci="4" mb="0" cb="0"/><line nr="138" mi="0" ci="2" mb="1" cb="1"/><line nr="139" mi="6" ci="0" mb="0" cb="0"/><line nr="141" mi="0" ci="4" mb="0" cb="0"/><line nr="143" mi="0" ci="2" mb="1" cb="1"/><line nr="144" mi="6" ci="0" mb="0" cb="0"/><line nr="148" mi="0" ci="8" mb="0" cb="0"/><line nr="151" mi="0" ci="2" mb="0" cb="0"/><line nr="155" mi="0" ci="5" mb="0" cb="0"/><line nr="159" mi="0" ci="2" mb="1" cb="1"/><line nr="160" mi="6" ci="0" mb="0" cb="0"/><line nr="163" mi="0" ci="4" mb="0" cb="0"/><line nr="164" mi="0" ci="2" mb="1" cb="1"/><line nr="165" mi="6" ci="0" mb="0" cb="0"/><line nr="168" mi="0" ci="4" mb="0" cb="0"/><line nr="169" mi="0" ci="2" mb="0" cb="2"/><line nr="170" mi="0" ci="6" mb="0" cb="0"/><line nr="174" mi="0" ci="2" mb="0" cb="0"/><line nr="180" mi="0" ci="5" mb="0" cb="0"/><line nr="181" mi="0" ci="5" mb="0" cb="0"/><line nr="185" mi="0" ci="2" mb="1" cb="1"/><line nr="186" mi="6" ci="0" mb="0" cb="0"/><line nr="189" mi="0" ci="4" mb="0" cb="0"/><line nr="190" mi="0" ci="2" mb="1" cb="1"/><line nr="191" mi="6" ci="0" mb="0" cb="0"/><line nr="194" mi="0" ci="4" mb="0" cb="0"/><line nr="195" mi="0" ci="2" mb="1" cb="1"/><line nr="196" mi="6" ci="0" mb="0" cb="0"/><line nr="197" mi="0" ci="2" mb="1" cb="1"/><line nr="199" mi="6" ci="0" mb="0" cb="0"/><line nr="200" mi="0" ci="6" mb="0" cb="2"/><line nr="202" mi="0" ci="6" mb="0" cb="0"/><line nr="207" mi="0" ci="11" mb="0" cb="0"/><line nr="211" mi="0" ci="5" mb="0" cb="0"/><line nr="214" mi="0" ci="3" mb="0" cb="0"/><line nr="219" mi="0" ci="2" mb="0" cb="0"/><line nr="224" mi="0" ci="5" mb="0" cb="0"/><line nr="226" mi="0" ci="2" mb="0" cb="2"/><line nr="227" mi="0" ci="6" mb="0" cb="0"/><line nr="228" mi="0" ci="2" mb="0" cb="0"/><line nr="232" mi="0" ci="5" mb="0" cb="0"/><line nr="234" mi="0" ci="2" mb="0" cb="2"/><line nr="235" mi="0" ci="6" mb="0" cb="0"/><line nr="238" mi="0" ci="3" mb="0" cb="0"/><line nr="240" mi="0" ci="2" mb="0" cb="0"/><line nr="245" mi="0" ci="12" mb="0" cb="0"/><line nr="248" mi="0" ci="5" mb="1" cb="1"/><line nr="249" mi="6" ci="0" mb="0" cb="0"/><line nr="251" mi="0" ci="2" mb="0" cb="0"/><line nr="255" mi="0" ci="5" mb="0" cb="0"/><line nr="257" mi="0" ci="2" mb="1" cb="1"/><line nr="258" mi="6" ci="0" mb="0" cb="0"/><line nr="259" mi="0" ci="2" mb="0" cb="0"/><line nr="267" mi="0" ci="10" mb="0" cb="0"/><line nr="269" mi="0" ci="5" mb="1" cb="1"/><line nr="270" mi="6" ci="0" mb="0" cb="0"/><line nr="272" mi="0" ci="2" mb="0" cb="0"/><line nr="277" mi="0" ci="5" mb="0" cb="0"/><line nr="281" mi="0" ci="2" mb="1" cb="1"/><line nr="282" mi="6" ci="0" mb="0" cb="0"/><line nr="285" mi="0" ci="4" mb="0" cb="0"/><line nr="286" mi="0" ci="2" mb="1" cb="1"/><line nr="287" mi="6" ci="0" mb="0" cb="0"/><line nr="290" mi="0" ci="5" mb="0" cb="0"/><line nr="291" mi="0" ci="2" mb="1" cb="1"/><line nr="292" mi="6" ci="0" mb="0" cb="0"/><line nr="298" mi="6" ci="3" mb="3" cb="1"/><line nr="300" mi="2" ci="0" mb="0" cb="0"/><line nr="301" mi="3" ci="0" mb="0" cb="0"/><line nr="302" mi="23" ci="0" mb="4" cb="0"/><line nr="303" mi="9" ci="0" mb="0" cb="0"/><line nr="304" mi="1" ci="0" mb="0" cb="0"/><line nr="307" mi="8" ci="0" mb="0" cb="0"/><line nr="310" mi="3" ci="0" mb="2" cb="0"/><line nr="311" mi="3" ci="0" mb="0" cb="0"/><line nr="314" mi="3" ci="0" mb="0" cb="0"/><line nr="315" mi="3" ci="0" mb="0" cb="0"/><line nr="318" mi="3" ci="0" mb="0" cb="0"/><line nr="319" mi="1" ci="0" mb="0" cb="0"/><line nr="321" mi="0" ci="7" mb="0" cb="0"/><line nr="322" mi="0" ci="6" mb="0" cb="0"/><line nr="325" mi="0" ci="2" mb="0" cb="0"/><line nr="331" mi="0" ci="5" mb="0" cb="0"/><line nr="332" mi="0" ci="2" mb="1" cb="1"/><line nr="333" mi="6" ci="0" mb="0" cb="0"/><line nr="335" mi="0" ci="2" mb="0" cb="0"/><line nr="340" mi="0" ci="5" mb="0" cb="0"/><line nr="342" mi="0" ci="5" mb="1" cb="1"/><line nr="343" mi="6" ci="0" mb="0" cb="0"/><line nr="345" mi="0" ci="2" mb="0" cb="0"/><line nr="350" mi="0" ci="5" mb="0" cb="0"/><line nr="351" mi="0" ci="5" mb="0" cb="0"/><line nr="354" mi="0" ci="2" mb="1" cb="1"/><line nr="355" mi="6" ci="0" mb="0" cb="0"/><line nr="357" mi="0" ci="2" mb="1" cb="1"/><line nr="358" mi="6" ci="0" mb="0" cb="0"/><line nr="363" mi="0" ci="3" mb="0" cb="0"/><line nr="365" mi="0" ci="5" mb="0" cb="0"/><line nr="367" mi="0" ci="10" mb="0" cb="0"/><line nr="370" mi="0" ci="3" mb="0" cb="0"/><line nr="372" mi="0" ci="3" mb="0" cb="0"/><line nr="373" mi="0" ci="3" mb="0" cb="0"/><line nr="375" mi="0" ci="2" mb="0" cb="0"/><line nr="379" mi="0" ci="5" mb="0" cb="0"/><line nr="383" mi="0" ci="2" mb="1" cb="1"/><line nr="384" mi="6" ci="0" mb="0" cb="0"/><line nr="386" mi="0" ci="3" mb="0" cb="0"/><line nr="388" mi="0" ci="2" mb="1" cb="1"/><line nr="389" mi="6" ci="0" mb="0" cb="0"/><line nr="392" mi="0" ci="2" mb="0" cb="0"/><line nr="397" mi="0" ci="5" mb="0" cb="0"/><line nr="398" mi="0" ci="5" mb="0" cb="0"/><line nr="402" mi="0" ci="2" mb="1" cb="1"/><line nr="403" mi="6" ci="0" mb="0" cb="0"/><line nr="404" mi="0" ci="2" mb="1" cb="1"/><line nr="405" mi="6" ci="0" mb="0" cb="0"/><line nr="406" mi="0" ci="3" mb="1" cb="1"/><line nr="407" mi="6" ci="0" mb="0" cb="0"/><line nr="410" mi="0" ci="4" mb="0" cb="0"/><line nr="412" mi="0" ci="2" mb="0" cb="0"/><line nr="416" mi="0" ci="5" mb="0" cb="0"/><line nr="417" mi="0" ci="5" mb="0" cb="0"/><line nr="421" mi="0" ci="2" mb="1" cb="1"/><line nr="422" mi="6" ci="0" mb="0" cb="0"/><line nr="423" mi="0" ci="2" mb="1" cb="1"/><line nr="424" mi="6" ci="0" mb="0" cb="0"/><line nr="425" mi="0" ci="3" mb="1" cb="1"/><line nr="426" mi="6" ci="0" mb="0" cb="0"/><line nr="429" mi="0" ci="4" mb="0" cb="0"/><line nr="431" mi="0" ci="2" mb="0" cb="0"/><line nr="436" mi="0" ci="5" mb="0" cb="0"/><line nr="439" mi="0" ci="2" mb="1" cb="1"/><line nr="440" mi="6" ci="0" mb="0" cb="0"/><line nr="441" mi="0" ci="3" mb="1" cb="1"/><line nr="442" mi="6" ci="0" mb="0" cb="0"/><line nr="444" mi="0" ci="2" mb="0" cb="0"/><line nr="446" mi="0" ci="2" mb="0" cb="0"/><line nr="450" mi="0" ci="5" mb="0" cb="0"/><line nr="453" mi="0" ci="2" mb="1" cb="1"/><line nr="454" mi="6" ci="0" mb="0" cb="0"/><line nr="455" mi="0" ci="3" mb="0" cb="2"/><line nr="456" mi="0" ci="6" mb="0" cb="0"/><line nr="459" mi="0" ci="2" mb="0" cb="0"/><line nr="465" mi="0" ci="5" mb="0" cb="0"/><line nr="470" mi="0" ci="2" mb="1" cb="1"/><line nr="471" mi="6" ci="0" mb="0" cb="0"/><line nr="475" mi="0" ci="4" mb="0" cb="0"/><line nr="476" mi="0" ci="2" mb="1" cb="1"/><line nr="477" mi="6" ci="0" mb="0" cb="0"/><line nr="479" mi="0" ci="6" mb="0" cb="0"/><line nr="482" mi="0" ci="5" mb="0" cb="0"/><line nr="483" mi="0" ci="2" mb="1" cb="1"/><line nr="484" mi="6" ci="0" mb="0" cb="0"/><line nr="488" mi="0" ci="16" mb="0" cb="2"/><line nr="489" mi="0" ci="5" mb="0" cb="2"/><line nr="490" mi="0" ci="8" mb="0" cb="0"/><line nr="493" mi="0" ci="16" mb="0" cb="2"/><line nr="494" mi="0" ci="5" mb="0" cb="2"/><line nr="495" mi="0" ci="8" mb="0" cb="0"/><line nr="500" mi="0" ci="5" mb="0" cb="0"/><line nr="502" mi="0" ci="3" mb="0" cb="0"/><line nr="506" mi="0" ci="2" mb="0" cb="0"/><line nr="510" mi="0" ci="5" mb="0" cb="0"/><line nr="513" mi="0" ci="2" mb="1" cb="1"/><line nr="514" mi="6" ci="0" mb="0" cb="0"/><line nr="516" mi="0" ci="2" mb="0" cb="0"/><line nr="520" mi="0" ci="5" mb="0" cb="0"/><line nr="523" mi="0" ci="2" mb="1" cb="1"/><line nr="524" mi="6" ci="0" mb="0" cb="0"/><line nr="526" mi="0" ci="3" mb="0" cb="0"/><line nr="528" mi="0" ci="1" mb="0" cb="0"/><line nr="532" mi="0" ci="5" mb="0" cb="0"/><line nr="535" mi="0" ci="2" mb="1" cb="1"/><line nr="536" mi="6" ci="0" mb="0" cb="0"/><line nr="538" mi="0" ci="3" mb="0" cb="0"/><line nr="539" mi="0" ci="1" mb="0" cb="0"/><counter type="INSTRUCTION" missed="314" covered="611"/><counter type="BRANCH" missed="52" covered="62"/><counter type="LINE" missed="53" covered="160"/><counter type="COMPLEXITY" missed="51" covered="37"/><counter type="METHOD" missed="3" covered="28"/><counter type="CLASS" missed="0" covered="1"/></sourcefile><counter type="INSTRUCTION" missed="314" covered="611"/><counter type="BRANCH" missed="52" covered="62"/><counter type="LINE" missed="53" covered="160"/><counter type="COMPLEXITY" missed="51" covered="37"/><counter type="METHOD" missed="3" covered="28"/><counter type="CLASS" missed="0" covered="1"/></package><package name="com/se310/store/model"><class name="com/se310/store/model/Device" sourcefilename="Device.java"><method name="&lt;init&gt;" desc="(Ljava/lang/String;Ljava/lang/String;Lcom/se310/store/model/StoreLocation;Ljava/lang/String;)V" line="38"><counter type="INSTRUCTION" missed="0" covered="20"/><counter type="LINE" missed="0" covered="7"/><counter type="COMPLEXITY" missed="0" covered="1"/><counter type="METHOD" missed="0" covered="1"/></method><method name="getId" desc="()Ljava/lang/String;" line="51"><counter type="INSTRUCTION" missed="0" covered="3"/><counter type="LINE" missed="0" covered="1"/><counter type="COMPLEXITY" missed="0" covered="1"/><counter type="METHOD" missed="0" covered="1"/></method><method name="setId" desc="(Ljava/lang/String;)V" line="59"><counter type="INSTRUCTION" missed="4" covered="0"/><counter type="LINE" missed="2" covered="0"/><counter type="COMPLEXITY" missed="1" covered="0"/><counter type="METHOD" missed="1" covered="0"/></method><method name="getName" desc="()Ljava/lang/String;" line="67"><counter type="INSTRUCTION" missed="3" covered="0"/><counter type="LINE" missed="1" covered="0"/><counter type="COMPLEXITY" missed="1" covered="0"/><counter type="METHOD" missed="1" covered="0"/></method><method name="setName" desc="(Ljava/lang/String;)V" line="75"><counter type="INSTRUCTION" missed="4" covered="0"/><counter type="LINE" missed="2" covered="0"/><counter type="COMPLEXITY" missed="1" covered="0"/><counter type="METHOD" missed="1" covered="0"/></method><method name="getStoreLocation" desc="()Lcom/se310/store/model/StoreLocation;" line="83"><counter type="INSTRUCTION" missed="3" covered="0"/><counter type="LINE" missed="1" covered="0"/><counter type="COMPLEXITY" missed="1" covered="0"/><counter type="METHOD" missed="1" covered="0"/></method><method name="setStoreLocation" desc="(Lcom/se310/store/model/StoreLocation;)V" line="91"><counter type="INSTRUCTION" missed="4" covered="0"/><counter type="LINE" missed="2" covered="0"/><counter type="COMPLEXITY" missed="1" covered="0"/><counter type="METHOD" missed="1" covered="0"/></method><method name="getType" desc="()Ljava/lang/String;" line="99"><counter type="INSTRUCTION" missed="3" covered="0"/><counter type="LINE" missed="1" covered="0"/><counter type="COMPLEXITY" missed="1" covered="0"/><counter type="METHOD" missed="1" covered="0"/></method><method name="setType" desc="(Ljava/lang/String;)V" line="107"><counter type="INSTRUCTION" missed="4" covered="0"/><counter type="LINE" missed="2" covered="0"/><counter type="COMPLEXITY" missed="1" covered="0"/><counter type="METHOD" missed="1" covered="0"/></method><method name="toString" desc="()Ljava/lang/String;" line="118"><counter type="INSTRUCTION" missed="0" covered="11"/><counter type="LINE" missed="0" covered="1"/><counter type="COMPLEXITY" missed="0" covered="1"/><counter type="METHOD" missed="0" covered="1"/></method><counter type="INSTRUCTION" missed="25" covered="34"/><counter type="LINE" missed="11" covered="9"/><counter type="COMPLEXITY" missed="7" covered="3"/><counter type="METHOD" missed="7" covered="3"/><counter type="CLASS" missed="0" covered="1"/></class><class name="com/se310/store/model/InventoryLocation" sourcefilename="InventoryLocation.java"><method name="&lt;init&gt;" desc="(Ljava/lang/String;Ljava/lang/String;Ljava/lang/String;)V" line="8"><counter type="INSTRUCTION" missed="0" covered="8"/><counter type="LINE" missed="0" covered="3"/><counter type="COMPLEXITY" missed="0" covered="1"/><counter type="METHOD" missed="0" covered="1"/></method><method name="getShelfId" desc="()Ljava/lang/String;" line="13"><counter type="INSTRUCTION" missed="3" covered="0"/><counter type="LINE" missed="1" covered="0"/><counter type="COMPLEXITY" missed="1" covered="0"/><counter type="METHOD" missed="1" covered="0"/></method><method name="setShelfId" desc="(Ljava/lang/String;)V" line="17"><counter type="INSTRUCTION" missed="4" covered="0"/><counter type="LINE" missed="2" covered="0"/><counter type="COMPLEXITY" missed="1" covered="0"/><counter type="METHOD" missed="1" covered="0"/></method><method name="toString" desc="()Ljava/lang/String;" line="22"><counter type="INSTRUCTION" missed="0" covered="6"/><counter type="LINE" missed="0" covered="2"/><counter type="COMPLEXITY" missed="0" covered="1"/><counter type="METHOD" missed="0" covered="1"/></method><counter type="INSTRUCTION" missed="7" covered="14"/><counter type="LINE" missed="3" covered="5"/><counter type="COMPLEXITY" missed="2" covered="2"/><counter type="METHOD" missed="2" covered="2"/><counter type="CLASS" missed="0" covered="1"/></class><class name="com/se310/store/model/AisleLocation" sourcefilename="AisleLocation.java"><method name="&lt;clinit&gt;" desc="()V" line="10"><counter type="INSTRUCTION" missed="0" covered="15"/><counter type="LINE" missed="0" covered="3"/><counter type="COMPLEXITY" missed="0" covered="1"/><counter type="METHOD" missed="0" covered="1"/></method><counter type="INSTRUCTION" missed="0" covered="15"/><counter type="LINE" missed="0" covered="3"/><counter type="COMPLEXITY" missed="0" covered="1"/><counter type="METHOD" missed="0" covered="1"/><counter type="CLASS" missed="0" covered="1"/></class><class name="com/se310/store/model/Temperature" sourcefilename="Temperature.java"><method name="&lt;clinit&gt;" desc="()V" line="10"><counter type="INSTRUCTION" missed="0" covered="33"/><counter type="LINE" missed="0" covered="6"/><counter type="COMPLEXITY" missed="0" covered="1"/><counter type="METHOD" missed="0" covered="1"/></method><counter type="INSTRUCTION" missed="0" covered="33"/><counter type="LINE" missed="0" covered="6"/><counter type="COMPLEXITY" missed="0" covered="1"/><counter type="METHOD" missed="0" covered="1"/><counter type="CLASS" missed="0" covered="1"/></class><class name="com/se310/store/model/Appliance" sourcefilename="Appliance.java"><method name="&lt;init&gt;" desc="(Ljava/lang/String;Ljava/lang/String;Lcom/se310/store/model/StoreLocation;Ljava/lang/String;)V" line="22"><counter type="INSTRUCTION" missed="0" covered="7"/><counter type="LINE" missed="0" covered="2"/><counter type="COMPLEXITY" missed="0" covered="1"/><counter type="METHOD" missed="0" covered="1"/></method><method name="processEvent" desc="(Ljava/lang/String;)V" line="31"><counter type="INSTRUCTION" missed="0" covered="5"/><counter type="LINE" missed="0" covered="2"/><counter type="COMPLEXITY" missed="0" covered="1"/><counter type="METHOD" missed="0" covered="1"/></method><method name="processCommand" desc="(Ljava/lang/String;)V" line="40"><counter type="INSTRUCTION" missed="0" covered="5"/><counter type="LINE" missed="0" covered="2"/><counter type="COMPLEXITY" missed="0" covered="1"/><counter type="METHOD" missed="0" covered="1"/></method><counter type="INSTRUCTION" missed="0" covered="17"/><counter type="LINE" missed="0" covered="6"/><counter type="COMPLEXITY" missed="0" covered="3"/><counter type="METHOD" missed="0" covered="3"/><counter type="CLASS" missed="0" covered="1"/></class><class name="com/se310/store/model/CustomerAgeGroup" sourcefilename="CustomerAgeGroup.java"><method name="&lt;clinit&gt;" desc="()V" line="10"><counter type="INSTRUCTION" missed="15" covered="0"/><counter type="LINE" missed="3" covered="0"/><counter type="COMPLEXITY" missed="1" covered="0"/><counter type="METHOD" missed="1" covered="0"/></method><counter type="INSTRUCTION" missed="15" covered="0"/><counter type="LINE" missed="3" covered="0"/><counter type="COMPLEXITY" missed="1" covered="0"/><counter type="METHOD" missed="1" covered="0"/><counter type="CLASS" missed="1" covered="0"/></class><class name="com/se310/store/model/Basket" sourcefilename="Basket.java"><method name="&lt;init&gt;" desc="(Ljava/lang/String;)V" line="24"><counter type="INSTRUCTION" missed="0" covered="11"/><counter type="LINE" missed="0" covered="4"/><counter type="COMPLEXITY" missed="0" covered="1"/><counter type="METHOD" missed="0" covered="1"/></method><method name="getId" desc="()Ljava/lang/String;" line="34"><counter type="INSTRUCTION" missed="0" covered="3"/><counter type="LINE" missed="0" covered="1"/><counter type="COMPLEXITY" missed="0" covered="1"/><counter type="METHOD" missed="0" covered="1"/></method><method name="setId" desc="(Ljava/lang/String;)V" line="42"><counter type="INSTRUCTION" missed="4" covered="0"/><counter type="LINE" missed="2" covered="0"/><counter type="COMPLEXITY" missed="1" covered="0"/><counter type="METHOD" missed="1" covered="0"/></method><method name="addProduct" desc="(Ljava/lang/String;I)V" line="56"><counter type="INSTRUCTION" missed="34" covered="74"/><counter type="BRANCH" missed="4" covered="6"/><counter type="LINE" missed="6" covered="18"/><counter type="COMPLEXITY" missed="4" covered="2"/><counter type="METHOD" missed="0" covered="1"/></method><method name="removeProduct" desc="(Ljava/lang/String;I)V" line="115"><counter type="INSTRUCTION" missed="46" covered="91"/><counter type="BRANCH" missed="5" covered="9"/><counter type="LINE" missed="8" covered="22"/><counter type="COMPLEXITY" missed="5" covered="3"/><counter type="METHOD" missed="0" covered="1"/></method><method name="clearBasket" desc="()V" line="179"><counter type="INSTRUCTION" missed="0" covered="44"/><counter type="BRANCH" missed="0" covered="2"/><counter type="LINE" missed="0" covered="11"/><counter type="COMPLEXITY" missed="0" covered="2"/><counter type="METHOD" missed="0" covered="1"/></method><method name="setStore" desc="(Lcom/se310/store/model/Store;)V" line="201"><counter type="INSTRUCTION" missed="0" covered="4"/><counter type="LINE" missed="0" covered="2"/><counter type="COMPLEXITY" missed="0" covered="1"/><counter type="METHOD" missed="0" covered="1"/></method><method name="setCustomer" desc="(Lcom/se310/store/model/Customer;)V" line="208"><counter type="INSTRUCTION" missed="0" covered="4"/><counter type="LINE" missed="0" covered="2"/><counter type="COMPLEXITY" missed="0" covered="1"/><counter type="METHOD" missed="0" covered="1"/></method><method name="getStore" desc="()Lcom/se310/store/model/Store;" line="216"><counter type="INSTRUCTION" missed="3" covered="0"/><counter type="LINE" missed="1" covered="0"/><counter type="COMPLEXITY" missed="1" covered="0"/><counter type="METHOD" missed="1" covered="0"/></method><method name="getCustomer" desc="()Lcom/se310/store/model/Customer;" line="224"><counter type="INSTRUCTION" missed="0" covered="3"/><counter type="LINE" missed="0" covered="1"/><counter type="COMPLEXITY" missed="0" covered="1"/><counter type="METHOD" missed="0" covered="1"/></method><method name="toString" desc="()Ljava/lang/String;" line="229"><counter type="INSTRUCTION" missed="0" covered="7"/><counter type="LINE" missed="0" covered="1"/><counter type="COMPLEXITY" missed="0" covered="1"/><counter type="METHOD" missed="0" covered="1"/></method><method name="lambda$removeProduct$2" desc="(Ljava/lang/Integer;Ljava/lang/Integer;)Ljava/lang/Integer;" line="161"><counter type="INSTRUCTION" missed="0" covered="7"/><counter type="LINE" missed="0" covered="1"/><counter type="COMPLEXITY" missed="0" covered="1"/><counter type="METHOD" missed="0" covered="1"/></method><method name="lambda$removeProduct$1" desc="(Ljava/lang/String;Lcom/se310/store/model/Inventory;)Z" line="137"><counter type="INSTRUCTION" missed="0" covered="5"/><counter type="LINE" missed="0" covered="1"/><counter type="COMPLEXITY" missed="0" covered="1"/><counter type="METHOD" missed="0" covered="1"/></method><method name="lambda$removeProduct$0" desc="(Lcom/se310/store/model/Shelf;)Ljava/util/stream/Stream;" line="135"><counter type="INSTRUCTION" missed="0" covered="5"/><counter type="LINE" missed="0" covered="2"/><counter type="COMPLEXITY" missed="0" covered="1"/><counter type="METHOD" missed="0" covered="1"/></method><method name="lambda$addProduct$1" desc="(Ljava/lang/String;Lcom/se310/store/model/Inventory;)Z" line="75"><counter type="INSTRUCTION" missed="0" covered="5"/><counter type="LINE" missed="0" covered="1"/><counter type="COMPLEXITY" missed="0" covered="1"/><counter type="METHOD" missed="0" covered="1"/></method><method name="lambda$addProduct$0" desc="(Lcom/se310/store/model/Shelf;)Ljava/util/stream/Stream;" line="73"><counter type="INSTRUCTION" missed="0" covered="5"/><counter type="LINE" missed="0" covered="2"/><counter type="COMPLEXITY" missed="0" covered="1"/><counter type="METHOD" missed="0" covered="1"/></method><counter type="INSTRUCTION" missed="87" covered="268"/><counter type="BRANCH" missed="9" covered="17"/><counter type="LINE" missed="17" covered="64"/><counter type="COMPLEXITY" missed="11" covered="18"/><counter type="METHOD" missed="2" covered="14"/><counter type="CLASS" missed="0" covered="1"/></class><class name="com/se310/store/model/CommandAPI" sourcefilename="CommandAPI.java"/><class name="com/se310/store/model/Product" sourcefilename="Product.java"><method name="&lt;init&gt;" desc="(Ljava/lang/String;Ljava/lang/String;Ljava/lang/String;Ljava/lang/String;Ljava/lang/String;Ljava/lang/Double;Lcom/se310/store/model/Temperature;)V" line="31"><counter type="INSTRUCTION" missed="0" covered="24"/><counter type="LINE" missed="0" covered="9"/><counter type="COMPLEXITY" missed="0" covered="1"/><counter type="METHOD" missed="0" covered="1"/></method><method name="getId" desc="()Ljava/lang/String;" line="46"><counter type="INSTRUCTION" missed="3" covered="0"/><counter type="LINE" missed="1" covered="0"/><counter type="COMPLEXITY" missed="1" covered="0"/><counter type="METHOD" missed="1" covered="0"/></method><method name="setId" desc="(Ljava/lang/String;)V" line="54"><counter type="INSTRUCTION" missed="4" covered="0"/><counter type="LINE" missed="2" covered="0"/><counter type="COMPLEXITY" missed="1" covered="0"/><counter type="METHOD" missed="1" covered="0"/></method><method name="getName" desc="()Ljava/lang/String;" line="62"><counter type="INSTRUCTION" missed="0" covered="3"/><counter type="LINE" missed="0" covered="1"/><counter type="COMPLEXITY" missed="0" covered="1"/><counter type="METHOD" missed="0" covered="1"/></method><method name="setName" desc="(Ljava/lang/String;)V" line="70"><counter type="INSTRUCTION" missed="4" covered="0"/><counter type="LINE" missed="2" covered="0"/><counter type="COMPLEXITY" missed="1" covered="0"/><counter type="METHOD" missed="1" covered="0"/></method><method name="getDescription" desc="()Ljava/lang/String;" line="78"><counter type="INSTRUCTION" missed="0" covered="3"/><counter type="LINE" missed="0" covered="1"/><counter type="COMPLEXITY" missed="0" covered="1"/><counter type="METHOD" missed="0" covered="1"/></method><method name="setDescription" desc="(Ljava/lang/String;)V" line="86"><counter type="INSTRUCTION" missed="4" covered="0"/><counter type="LINE" missed="2" covered="0"/><counter type="COMPLEXITY" missed="1" covered="0"/><counter type="METHOD" missed="1" covered="0"/></method><method name="getSize" desc="()Ljava/lang/String;" line="94"><counter type="INSTRUCTION" missed="0" covered="3"/><counter type="LINE" missed="0" covered="1"/><counter type="COMPLEXITY" missed="0" covered="1"/><counter type="METHOD" missed="0" covered="1"/></method><method name="setSize" desc="(Ljava/lang/String;)V" line="102"><counter type="INSTRUCTION" missed="4" covered="0"/><counter type="LINE" missed="2" covered="0"/><counter type="COMPLEXITY" missed="1" covered="0"/><counter type="METHOD" missed="1" covered="0"/></method><method name="getCategory" desc="()Ljava/lang/String;" line="110"><counter type="INSTRUCTION" missed="0" covered="3"/><counter type="LINE" missed="0" covered="1"/><counter type="COMPLEXITY" missed="0" covered="1"/><counter type="METHOD" missed="0" covered="1"/></method><method name="setCategory" desc="(Ljava/lang/String;)V" line="118"><counter type="INSTRUCTION" missed="4" covered="0"/><counter type="LINE" missed="2" covered="0"/><counter type="COMPLEXITY" missed="1" covered="0"/><counter type="METHOD" missed="1" covered="0"/></method><method name="getPrice" desc="()Ljava/lang/Double;" line="126"><counter type="INSTRUCTION" missed="0" covered="3"/><counter type="LINE" missed="0" covered="1"/><counter type="COMPLEXITY" missed="0" covered="1"/><counter type="METHOD" missed="0" covered="1"/></method><method name="setPrice" desc="(Ljava/lang/Double;)V" line="134"><counter type="INSTRUCTION" missed="4" covered="0"/><counter type="LINE" missed="2" covered="0"/><counter type="COMPLEXITY" missed="1" covered="0"/><counter type="METHOD" missed="1" covered="0"/></method><method name="getTemperature" desc="()Lcom/se310/store/model/Temperature;" line="142"><counter type="INSTRUCTION" missed="0" covered="3"/><counter type="LINE" missed="0" covered="1"/><counter type="COMPLEXITY" missed="0" covered="1"/><counter type="METHOD" missed="0" covered="1"/></method><method name="setTemperature" desc="(Lcom/se310/store/model/Temperature;)V" line="150"><counter type="INSTRUCTION" missed="4" covered="0"/><counter type="LINE" missed="2" covered="0"/><counter type="COMPLEXITY" missed="1" covered="0"/><counter type="METHOD" missed="1" covered="0"/></method><method name="toString" desc="()Ljava/lang/String;" line="155"><counter type="INSTRUCTION" missed="0" covered="17"/><counter type="LINE" missed="0" covered="1"/><counter type="COMPLEXITY" missed="0" covered="1"/><counter type="METHOD" missed="0" covered="1"/></method><counter type="INSTRUCTION" missed="31" covered="59"/><counter type="LINE" missed="15" covered="16"/><counter type="COMPLEXITY" missed="8" covered="8"/><counter type="METHOD" missed="8" covered="8"/><counter type="CLASS" missed="0" covered="1"/></class><class name="com/se310/store/model/InventoryType" sourcefilename="InventoryType.java"><method name="&lt;clinit&gt;" desc="()V" line="10"><counter type="INSTRUCTION" missed="0" covered="15"/><counter type="LINE" missed="0" covered="3"/><counter type="COMPLEXITY" missed="0" covered="1"/><counter type="METHOD" missed="0" covered="1"/></method><counter type="INSTRUCTION" missed="0" covered="15"/><counter type="LINE" missed="0" covered="3"/><counter type="COMPLEXITY" missed="0" covered="1"/><counter type="METHOD" missed="0" covered="1"/><counter type="CLASS" missed="0" covered="1"/></class><class name="com/se310/store/model/SensorType" sourcefilename="SensorType.java"><method name="&lt;clinit&gt;" desc="()V" line="10"><counter type="INSTRUCTION" missed="0" covered="15"/><counter type="LINE" missed="0" covered="3"/><counter type="COMPLEXITY" missed="0" covered="1"/><counter type="METHOD" missed="0" covered="1"/></method><counter type="INSTRUCTION" missed="0" covered="15"/><counter type="LINE" missed="0" covered="3"/><counter type="COMPLEXITY" missed="0" covered="1"/><counter type="METHOD" missed="0" covered="1"/><counter type="CLASS" missed="0" covered="1"/></class><class name="com/se310/store/model/Aisle" sourcefilename="Aisle.java"><method name="&lt;init&gt;" desc="(Ljava/lang/String;Ljava/lang/String;Ljava/lang/String;Lcom/se310/store/model/AisleLocation;)V" line="30"><counter type="INSTRUCTION" missed="0" covered="20"/><counter type="LINE" missed="0" covered="7"/><counter type="COMPLEXITY" missed="0" covered="1"/><counter type="METHOD" missed="0" covered="1"/></method><method name="getNumber" desc="()Ljava/lang/String;" line="43"><counter type="INSTRUCTION" missed="3" covered="0"/><counter type="LINE" missed="1" covered="0"/><counter type="COMPLEXITY" missed="1" covered="0"/><counter type="METHOD" missed="1" covered="0"/></method><method name="setNumber" desc="(Ljava/lang/String;)V" line="51"><counter type="INSTRUCTION" missed="4" covered="0"/><counter type="LINE" missed="2" covered="0"/><counter type="COMPLEXITY" missed="1" covered="0"/><counter type="METHOD" missed="1" covered="0"/></method><method name="getName" desc="()Ljava/lang/String;" line="59"><counter type="INSTRUCTION" missed="3" covered="0"/><counter type="LINE" missed="1" covered="0"/><counter type="COMPLEXITY" missed="1" covered="0"/><counter type="METHOD" missed="1" covered="0"/></method><method name="setName" desc="(Ljava/lang/String;)V" line="67"><counter type="INSTRUCTION" missed="4" covered="0"/><counter type="LINE" missed="2" covered="0"/><counter type="COMPLEXITY" missed="1" covered="0"/><counter type="METHOD" missed="1" covered="0"/></method><method name="getDescription" desc="()Ljava/lang/String;" line="75"><counter type="INSTRUCTION" missed="3" covered="0"/><counter type="LINE" missed="1" covered="0"/><counter type="COMPLEXITY" missed="1" covered="0"/><counter type="METHOD" missed="1" covered="0"/></method><method name="setDescription" desc="(Ljava/lang/String;)V" line="83"><counter type="INSTRUCTION" missed="4" covered="0"/><counter type="LINE" missed="2" covered="0"/><counter type="COMPLEXITY" missed="1" covered="0"/><counter type="METHOD" missed="1" covered="0"/></method><method name="getAisleLocation" desc="()Lcom/se310/store/model/AisleLocation;" line="91"><counter type="INSTRUCTION" missed="3" covered="0"/><counter type="LINE" missed="1" covered="0"/><counter type="COMPLEXITY" missed="1" covered="0"/><counter type="METHOD" missed="1" covered="0"/></method><method name="setAisleLocation" desc="(Lcom/se310/store/model/AisleLocation;)V" line="99"><counter type="INSTRUCTION" missed="4" covered="0"/><counter type="LINE" missed="2" covered="0"/><counter type="COMPLEXITY" missed="1" covered="0"/><counter type="METHOD" missed="1" covered="0"/></method><method name="addShelf" desc="(Ljava/lang/String;Ljava/lang/String;Lcom/se310/store/model/ShelfLevel;Ljava/lang/String;Lcom/se310/store/model/Temperature;)Lcom/se310/store/model/Shelf;" line="114"><counter type="INSTRUCTION" missed="6" covered="37"/><counter type="BRANCH" missed="1" covered="3"/><counter type="LINE" missed="1" covered="9"/><counter type="COMPLEXITY" missed="1" covered="2"/><counter type="METHOD" missed="0" covered="1"/></method><method name="getShelf" desc="(Ljava/lang/String;)Lcom/se310/store/model/Shelf;" line="139"><counter type="INSTRUCTION" missed="0" covered="6"/><counter type="LINE" missed="0" covered="1"/><counter type="COMPLEXITY" missed="0" covered="1"/><counter type="METHOD" missed="0" covered="1"/></method><method name="getShelfMap" desc="()Ljava/util/Map;" line="147"><counter type="INSTRUCTION" missed="0" covered="3"/><counter type="LINE" missed="0" covered="1"/><counter type="COMPLEXITY" missed="0" covered="1"/><counter type="METHOD" missed="0" covered="1"/></method><method name="toString" desc="()Ljava/lang/String;" line="152"><counter type="INSTRUCTION" missed="0" covered="14"/><counter type="LINE" missed="0" covered="1"/><counter type="COMPLEXITY" missed="0" covered="1"/><counter type="METHOD" missed="0" covered="1"/></method><method name="lambda$addShelf$0" desc="(Lcom/se310/store/model/ShelfLevel;Lcom/se310/store/model/Shelf;)Z" line="119"><counter type="INSTRUCTION" missed="0" covered="5"/><counter type="LINE" missed="0" covered="1"/><counter type="COMPLEXITY" missed="0" covered="1"/><counter type="METHOD" missed="0" covered="1"/></method><counter type="INSTRUCTION" missed="34" covered="85"/><counter type="BRANCH" missed="1" covered="3"/><counter type="LINE" missed="13" covered="19"/><counter type="COMPLEXITY" missed="9" covered="7"/><counter type="METHOD" missed="8" covered="6"/><counter type="CLASS" missed="0" covered="1"/></class><class name="com/se310/store/model/ShelfLevel" sourcefilename="ShelfLevel.java"><method name="&lt;clinit&gt;" desc="()V" line="10"><counter type="INSTRUCTION" missed="0" covered="21"/><counter type="LINE" missed="0" covered="4"/><counter type="COMPLEXITY" missed="0" covered="1"/><counter type="METHOD" missed="0" covered="1"/></method><counter type="INSTRUCTION" missed="0" covered="21"/><counter type="LINE" missed="0" covered="4"/><counter type="COMPLEXITY" missed="0" covered="1"/><counter type="METHOD" missed="0" covered="1"/><counter type="CLASS" missed="0" covered="1"/></class><class name="com/se310/store/model/StoreException" sourcefilename="StoreException.java"><method name="&lt;init&gt;" desc="(Ljava/lang/String;Ljava/lang/String;)V" line="19"><counter type="INSTRUCTION" missed="0" covered="9"/><counter type="LINE" missed="0" covered="4"/><counter type="COMPLEXITY" missed="0" covered="1"/><counter type="METHOD" missed="0" covered="1"/></method><method name="getAction" desc="()Ljava/lang/String;" line="29"><counter type="INSTRUCTION" missed="0" covered="3"/><counter type="LINE" missed="0" covered="1"/><counter type="COMPLEXITY" missed="0" covered="1"/><counter type="METHOD" missed="0" covered="1"/></method><method name="setAction" desc="(Ljava/lang/String;)V" line="37"><counter type="INSTRUCTION" missed="4" covered="0"/><counter type="LINE" missed="2" covered="0"/><counter type="COMPLEXITY" missed="1" covered="0"/><counter type="METHOD" missed="1" covered="0"/></method><method name="getReason" desc="()Ljava/lang/String;" line="45"><counter type="INSTRUCTION" missed="0" covered="3"/><counter type="LINE" missed="0" covered="1"/><counter type="COMPLEXITY" missed="0" covered="1"/><counter type="METHOD" missed="0" covered="1"/></method><method name="setReason" desc="(Ljava/lang/String;)V" line="53"><counter type="INSTRUCTION" missed="4" covered="0"/><counter type="LINE" missed="2" covered="0"/><counter type="COMPLEXITY" missed="1" covered="0"/><counter type="METHOD" missed="1" covered="0"/></method><counter type="INSTRUCTION" missed="8" covered="15"/><counter type="LINE" missed="4" covered="6"/><counter type="COMPLEXITY" missed="2" covered="3"/><counter type="METHOD" missed="2" covered="3"/><counter type="CLASS" missed="0" covered="1"/></class><class name="com/se310/store/model/CustomerType" sourcefilename="CustomerType.java"><method name="&lt;clinit&gt;" desc="()V" line="10"><counter type="INSTRUCTION" missed="0" covered="15"/><counter type="LINE" missed="0" covered="3"/><counter type="COMPLEXITY" missed="0" covered="1"/><counter type="METHOD" missed="0" covered="1"/></method><counter type="INSTRUCTION" missed="0" covered="15"/><counter type="LINE" missed="0" covered="3"/><counter type="COMPLEXITY" missed="0" covered="1"/><counter type="METHOD" missed="0" covered="1"/><counter type="CLASS" missed="0" covered="1"/></class><class name="com/se310/store/model/CommandException" sourcefilename="CommandException.java"><method name="&lt;init&gt;" desc="(Ljava/lang/String;Ljava/lang/String;)V" line="21"><counter type="INSTRUCTION" missed="0" covered="9"/><counter type="LINE" missed="0" covered="4"/><counter type="COMPLEXITY" missed="0" covered="1"/><counter type="METHOD" missed="0" covered="1"/></method><method name="getCommand" desc="()Ljava/lang/String;" line="31"><counter type="INSTRUCTION" missed="0" covered="3"/><counter type="LINE" missed="0" covered="1"/><counter type="COMPLEXITY" missed="0" covered="1"/><counter type="METHOD" missed="0" covered="1"/></method><method name="getReason" desc="()Ljava/lang/String;" line="39"><counter type="INSTRUCTION" missed="0" covered="3"/><counter type="LINE" missed="0" covered="1"/><counter type="COMPLEXITY" missed="0" covered="1"/><counter type="METHOD" missed="0" covered="1"/></method><method name="getLineNumber" desc="()I" line="47"><counter type="INSTRUCTION" missed="0" covered="3"/><counter type="LINE" missed="0" covered="1"/><counter type="COMPLEXITY" missed="0" covered="1"/><counter type="METHOD" missed="0" covered="1"/></method><method name="setCommand" desc="(Ljava/lang/String;)V" line="55"><counter type="INSTRUCTION" missed="4" covered="0"/><counter type="LINE" missed="2" covered="0"/><counter type="COMPLEXITY" missed="1" covered="0"/><counter type="METHOD" missed="1" covered="0"/></method><method name="setReason" desc="(Ljava/lang/String;)V" line="63"><counter type="INSTRUCTION" missed="4" covered="0"/><counter type="LINE" missed="2" covered="0"/><counter type="COMPLEXITY" missed="1" covered="0"/><counter type="METHOD" missed="1" covered="0"/></method><method name="setLineNumber" desc="(I)V" line="71"><counter type="INSTRUCTION" missed="0" covered="4"/><counter type="LINE" missed="0" covered="2"/><counter type="COMPLEXITY" missed="0" covered="1"/><counter type="METHOD" missed="0" covered="1"/></method><counter type="INSTRUCTION" missed="8" covered="22"/><counter type="LINE" missed="4" covered="9"/><counter type="COMPLEXITY" missed="2" covered="5"/><counter type="METHOD" missed="2" covered="5"/><counter type="CLASS" missed="0" covered="1"/></class><class name="com/se310/store/model/StoreLocation" sourcefilename="StoreLocation.java"><method name="&lt;init&gt;" desc="(Ljava/lang/String;Ljava/lang/String;)V" line="20"><counter type="INSTRUCTION" missed="0" covered="9"/><counter type="LINE" missed="0" covered="4"/><counter type="COMPLEXITY" missed="0" covered="1"/><counter type="METHOD" missed="0" covered="1"/></method><method name="getStoreId" desc="()Ljava/lang/String;" line="30"><counter type="INSTRUCTION" missed="0" covered="3"/><counter type="LINE" missed="0" covered="1"/><counter type="COMPLEXITY" missed="0" covered="1"/><counter type="METHOD" missed="0" covered="1"/></method><method name="setStoreId" desc="(Ljava/lang/String;)V" line="38"><counter type="INSTRUCTION" missed="4" covered="0"/><counter type="LINE" missed="2" covered="0"/><counter type="COMPLEXITY" missed="1" covered="0"/><counter type="METHOD" missed="1" covered="0"/></method><method name="getAisleId" desc="()Ljava/lang/String;" line="46"><counter type="INSTRUCTION" missed="0" covered="3"/><counter type="LINE" missed="0" covered="1"/><counter type="COMPLEXITY" missed="0" covered="1"/><counter type="METHOD" missed="0" covered="1"/></method><method name="setAisleId" desc="(Ljava/lang/String;)V" line="54"><counter type="INSTRUCTION" missed="4" covered="0"/><counter type="LINE" missed="2" covered="0"/><counter type="COMPLEXITY" missed="1" covered="0"/><counter type="METHOD" missed="1" covered="0"/></method><method name="toString" desc="()Ljava/lang/String;" line="59"><counter type="INSTRUCTION" missed="0" covered="6"/><counter type="LINE" missed="0" covered="1"/><counter type="COMPLEXITY" missed="0" covered="1"/><counter type="METHOD" missed="0" covered="1"/></method><counter type="INSTRUCTION" missed="8" covered="21"/><counter type="LINE" missed="4" covered="7"/><counter type="COMPLEXITY" missed="2" covered="4"/><counter type="METHOD" missed="2" covered="4"/><counter type="CLASS" missed="0" covered="1"/></class><class name="com/se310/store/model/Inventory" sourcefilename="Inventory.java"><method name="&lt;init&gt;" desc="(Ljava/lang/String;Lcom/se310/store/model/InventoryLocation;IILjava/lang/String;Lcom/se310/store/model/InventoryType;)V" line="28"><counter type="INSTRUCTION" missed="0" covered="21"/><counter type="LINE" missed="0" covered="8"/><counter type="COMPLEXITY" missed="0" covered="1"/><counter type="METHOD" missed="0" covered="1"/></method><method name="getId" desc="()Ljava/lang/String;" line="42"><counter type="INSTRUCTION" missed="0" covered="3"/><counter type="LINE" missed="0" covered="1"/><counter type="COMPLEXITY" missed="0" covered="1"/><counter type="METHOD" missed="0" covered="1"/></method><method name="setId" desc="(Ljava/lang/String;)V" line="50"><counter type="INSTRUCTION" missed="4" covered="0"/><counter type="LINE" missed="2" covered="0"/><counter type="COMPLEXITY" missed="1" covered="0"/><counter type="METHOD" missed="1" covered="0"/></method><method name="getInventoryLocation" desc="()Lcom/se310/store/model/InventoryLocation;" line="58"><counter type="INSTRUCTION" missed="3" covered="0"/><counter type="LINE" missed="1" covered="0"/><counter type="COMPLEXITY" missed="1" covered="0"/><counter type="METHOD" missed="1" covered="0"/></method><method name="setInventoryLocation" desc="(Lcom/se310/store/model/InventoryLocation;)V" line="66"><counter type="INSTRUCTION" missed="4" covered="0"/><counter type="LINE" missed="2" covered="0"/><counter type="COMPLEXITY" missed="1" covered="0"/><counter type="METHOD" missed="1" covered="0"/></method><method name="getCapacity" desc="()I" line="74"><counter type="INSTRUCTION" missed="0" covered="3"/><counter type="LINE" missed="0" covered="1"/><counter type="COMPLEXITY" missed="0" covered="1"/><counter type="METHOD" missed="0" covered="1"/></method><method name="setCapacity" desc="(I)V" line="82"><counter type="INSTRUCTION" missed="4" covered="0"/><counter type="LINE" missed="2" covered="0"/><counter type="COMPLEXITY" missed="1" covered="0"/><counter type="METHOD" missed="1" covered="0"/></method><method name="getCount" desc="()I" line="90"><counter type="INSTRUCTION" missed="0" covered="3"/><counter type="LINE" missed="0" covered="1"/><counter type="COMPLEXITY" missed="0" covered="1"/><counter type="METHOD" missed="0" covered="1"/></method><method name="setCount" desc="(I)V" line="98"><counter type="INSTRUCTION" missed="0" covered="4"/><counter type="LINE" missed="0" covered="2"/><counter type="COMPLEXITY" missed="0" covered="1"/><counter type="METHOD" missed="0" covered="1"/></method><method name="getProductId" desc="()Ljava/lang/String;" line="106"><counter type="INSTRUCTION" missed="0" covered="3"/><counter type="LINE" missed="0" covered="1"/><counter type="COMPLEXITY" missed="0" covered="1"/><counter type="METHOD" missed="0" covered="1"/></method><method name="setProductId" desc="(Ljava/lang/String;)V" line="114"><counter type="INSTRUCTION" missed="4" covered="0"/><counter type="LINE" missed="2" covered="0"/><counter type="COMPLEXITY" missed="1" covered="0"/><counter type="METHOD" missed="1" covered="0"/></method><method name="updateInventory" desc="(I)V" line="127"><counter type="INSTRUCTION" missed="0" covered="22"/><counter type="BRANCH" missed="1" covered="3"/><counter type="LINE" missed="0" covered="4"/><counter type="COMPLEXITY" missed="1" covered="2"/><counter type="METHOD" missed="0" covered="1"/></method><method name="getType" desc="()Lcom/se310/store/model/InventoryType;" line="139"><counter type="INSTRUCTION" missed="3" covered="0"/><counter type="LINE" missed="1" covered="0"/><counter type="COMPLEXITY" missed="1" covered="0"/><counter type="METHOD" missed="1" covered="0"/></method><method name="setType" desc="(Lcom/se310/store/model/InventoryType;)V" line="148"><counter type="INSTRUCTION" missed="4" covered="0"/><counter type="LINE" missed="2" covered="0"/><counter type="COMPLEXITY" missed="1" covered="0"/><counter type="METHOD" missed="1" covered="0"/></method><method name="toString" desc="()Ljava/lang/String;" line="153"><counter type="INSTRUCTION" missed="0" covered="16"/><counter type="LINE" missed="0" covered="1"/><counter type="COMPLEXITY" missed="0" covered="1"/><counter type="METHOD" missed="0" covered="1"/></method><counter type="INSTRUCTION" missed="26" covered="75"/><counter type="BRANCH" missed="1" covered="3"/><counter type="LINE" missed="12" covered="19"/><counter type="COMPLEXITY" missed="8" covered="9"/><counter type="METHOD" missed="7" covered="8"/><counter type="CLASS" missed="0" covered="1"/></class><class name="com/se310/store/model/ApplianceType" sourcefilename="ApplianceType.java"><method name="&lt;clinit&gt;" desc="()V" line="10"><counter type="INSTRUCTION" missed="0" covered="21"/><counter type="LINE" missed="0" covered="4"/><counter type="COMPLEXITY" missed="0" covered="1"/><counter type="METHOD" missed="0" covered="1"/></method><counter type="INSTRUCTION" missed="0" covered="21"/><counter type="LINE" missed="0" covered="4"/><counter type="COMPLEXITY" missed="0" covered="1"/><counter type="METHOD" missed="0" covered="1"/><counter type="CLASS" missed="0" covered="1"/></class><class name="com/se310/store/model/CommandProcessor" sourcefilename="CommandProcessor.java"><method name="&lt;init&gt;" desc="()V" line="22"><counter type="INSTRUCTION" missed="0" covered="9"/><counter type="LINE" missed="0" covered="2"/><counter type="COMPLEXITY" missed="0" covered="1"/><counter type="METHOD" missed="0" covered="1"/></method><method name="processCommand" desc="(Ljava/lang/String;)V" line="28"><counter type="INSTRUCTION" missed="0" covered="707"/><counter type="BRANCH" missed="0" covered="54"/><counter type="LINE" missed="0" covered="85"/><counter type="COMPLEXITY" missed="0" covered="28"/><counter type="METHOD" missed="0" covered="1"/></method><method name="processCommandFile" desc="(Ljava/lang/String;)V" line="171"><counter type="INSTRUCTION" missed="3" covered="74"/><counter type="BRANCH" missed="0" covered="6"/><counter type="LINE" missed="2" covered="19"/><counter type="COMPLEXITY" missed="0" covered="4"/><counter type="METHOD" missed="0" covered="1"/></method><counter type="INSTRUCTION" missed="3" covered="790"/><counter type="BRANCH" missed="0" covered="60"/><counter type="LINE" missed="2" covered="106"/><counter type="COMPLEXITY" missed="0" covered="33"/><counter type="METHOD" missed="0" covered="3"/><counter type="CLASS" missed="0" covered="1"/></class><class name="com/se310/store/model/Customer" sourcefilename="Customer.java"><method name="&lt;init&gt;" desc="(Ljava/lang/String;Ljava/lang/String;Ljava/lang/String;Lcom/se310/store/model/CustomerType;Ljava/lang/String;Ljava/lang/String;)V" line="35"><counter type="INSTRUCTION" missed="0" covered="21"/><counter type="LINE" missed="0" covered="8"/><counter type="COMPLEXITY" missed="0" covered="1"/><counter type="METHOD" missed="0" covered="1"/></method><method name="getId" desc="()Ljava/lang/String;" line="49"><counter type="INSTRUCTION" missed="3" covered="0"/><counter type="LINE" missed="1" covered="0"/><counter type="COMPLEXITY" missed="1" covered="0"/><counter type="METHOD" missed="1" covered="0"/></method><method name="setId" desc="(Ljava/lang/String;)V" line="57"><counter type="INSTRUCTION" missed="4" covered="0"/><counter type="LINE" missed="2" covered="0"/><counter type="COMPLEXITY" missed="1" covered="0"/><counter type="METHOD" missed="1" covered="0"/></method><method name="getFirstName" desc="()Ljava/lang/String;" line="65"><counter type="INSTRUCTION" missed="3" covered="0"/><counter type="LINE" missed="1" covered="0"/><counter type="COMPLEXITY" missed="1" covered="0"/><counter type="METHOD" missed="1" covered="0"/></method><method name="setFirstName" desc="(Ljava/lang/String;)V" line="73"><counter type="INSTRUCTION" missed="4" covered="0"/><counter type="LINE" missed="2" covered="0"/><counter type="COMPLEXITY" missed="1" covered="0"/><counter type="METHOD" missed="1" covered="0"/></method><method name="getLastName" desc="()Ljava/lang/String;" line="81"><counter type="INSTRUCTION" missed="3" covered="0"/><counter type="LINE" missed="1" covered="0"/><counter type="COMPLEXITY" missed="1" covered="0"/><counter type="METHOD" missed="1" covered="0"/></method><method name="setLastName" desc="(Ljava/lang/String;)V" line="89"><counter type="INSTRUCTION" missed="4" covered="0"/><counter type="LINE" missed="2" covered="0"/><counter type="COMPLEXITY" missed="1" covered="0"/><counter type="METHOD" missed="1" covered="0"/></method><method name="getType" desc="()Lcom/se310/store/model/CustomerType;" line="97"><counter type="INSTRUCTION" missed="0" covered="3"/><counter type="LINE" missed="0" covered="1"/><counter type="COMPLEXITY" missed="0" covered="1"/><counter type="METHOD" missed="0" covered="1"/></method><method name="setType" desc="(Lcom/se310/store/model/CustomerType;)V" line="105"><counter type="INSTRUCTION" missed="4" covered="0"/><counter type="LINE" missed="2" covered="0"/><counter type="COMPLEXITY" missed="1" covered="0"/><counter type="METHOD" missed="1" covered="0"/></method><method name="getEmail" desc="()Ljava/lang/String;" line="113"><counter type="INSTRUCTION" missed="3" covered="0"/><counter type="LINE" missed="1" covered="0"/><counter type="COMPLEXITY" missed="1" covered="0"/><counter type="METHOD" missed="1" covered="0"/></method><method name="setEmail" desc="(Ljava/lang/String;)V" line="121"><counter type="INSTRUCTION" missed="4" covered="0"/><counter type="LINE" missed="2" covered="0"/><counter type="COMPLEXITY" missed="1" covered="0"/><counter type="METHOD" missed="1" covered="0"/></method><method name="getAccountAddress" desc="()Ljava/lang/String;" line="129"><counter type="INSTRUCTION" missed="3" covered="0"/><counter type="LINE" missed="1" covered="0"/><counter type="COMPLEXITY" missed="1" covered="0"/><counter type="METHOD" missed="1" covered="0"/></method><method name="setAccountAddress" desc="(Ljava/lang/String;)V" line="137"><counter type="INSTRUCTION" missed="4" covered="0"/><counter type="LINE" missed="2" covered="0"/><counter type="COMPLEXITY" missed="1" covered="0"/><counter type="METHOD" missed="1" covered="0"/></method><method name="getAgeGroup" desc="()Lcom/se310/store/model/CustomerAgeGroup;" line="145"><counter type="INSTRUCTION" missed="3" covered="0"/><counter type="LINE" missed="1" covered="0"/><counter type="COMPLEXITY" missed="1" covered="0"/><counter type="METHOD" missed="1" covered="0"/></method><method name="setAgeGroup" desc="(Lcom/se310/store/model/CustomerAgeGroup;)V" line="153"><counter type="INSTRUCTION" missed="4" covered="0"/><counter type="LINE" missed="2" covered="0"/><counter type="COMPLEXITY" missed="1" covered="0"/><counter type="METHOD" missed="1" covered="0"/></method><method name="getStoreLocation" desc="()Lcom/se310/store/model/StoreLocation;" line="161"><counter type="INSTRUCTION" missed="0" covered="3"/><counter type="LINE" missed="0" covered="1"/><counter type="COMPLEXITY" missed="0" covered="1"/><counter type="METHOD" missed="0" covered="1"/></method><method name="setStoreLocation" desc="(Lcom/se310/store/model/StoreLocation;)V" line="169"><counter type="INSTRUCTION" missed="0" covered="4"/><counter type="LINE" missed="0" covered="2"/><counter type="COMPLEXITY" missed="0" covered="1"/><counter type="METHOD" missed="0" covered="1"/></method><method name="getLastSeen" desc="()Ljava/util/Date;" line="177"><counter type="INSTRUCTION" missed="3" covered="0"/><counter type="LINE" missed="1" covered="0"/><counter type="COMPLEXITY" missed="1" covered="0"/><counter type="METHOD" missed="1" covered="0"/></method><method name="setLastSeen" desc="(Ljava/util/Date;)V" line="185"><counter type="INSTRUCTION" missed="0" covered="4"/><counter type="LINE" missed="0" covered="2"/><counter type="COMPLEXITY" missed="0" covered="1"/><counter type="METHOD" missed="0" covered="1"/></method><method name="getBasket" desc="()Lcom/se310/store/model/Basket;" line="193"><counter type="INSTRUCTION" missed="0" covered="3"/><counter type="LINE" missed="0" covered="1"/><counter type="COMPLEXITY" missed="0" covered="1"/><counter type="METHOD" missed="0" covered="1"/></method><method name="assignBasket" desc="(Lcom/se310/store/model/Basket;)V" line="201"><counter type="INSTRUCTION" missed="0" covered="4"/><counter type="LINE" missed="0" covered="2"/><counter type="COMPLEXITY" missed="0" covered="1"/><counter type="METHOD" missed="0" covered="1"/></method><method name="toString" desc="()Ljava/lang/String;" line="206"><counter type="INSTRUCTION" missed="0" covered="27"/><counter type="LINE" missed="0" covered="1"/><counter type="COMPLEXITY" missed="0" covered="1"/><counter type="METHOD" missed="0" covered="1"/></method><counter type="INSTRUCTION" missed="49" covered="69"/><counter type="LINE" missed="21" covered="18"/><counter type="COMPLEXITY" missed="14" covered="8"/><counter type="METHOD" missed="14" covered="8"/><counter type="CLASS" missed="0" covered="1"/></class><class name="com/se310/store/model/Sensor" sourcefilename="Sensor.java"><method name="&lt;init&gt;" desc="(Ljava/lang/String;Ljava/lang/String;Lcom/se310/store/model/StoreLocation;Ljava/lang/String;)V" line="22"><counter type="INSTRUCTION" missed="0" covered="7"/><counter type="LINE" missed="0" covered="2"/><counter type="COMPLEXITY" missed="0" covered="1"/><counter type="METHOD" missed="0" covered="1"/></method><method name="processEvent" desc="(Ljava/lang/String;)V" line="31"><counter type="INSTRUCTION" missed="0" covered="5"/><counter type="LINE" missed="0" covered="2"/><counter type="COMPLEXITY" missed="0" covered="1"/><counter type="METHOD" missed="0" covered="1"/></method><counter type="INSTRUCTION" missed="0" covered="12"/><counter type="LINE" missed="0" covered="4"/><counter type="COMPLEXITY" missed="0" covered="2"/><counter type="METHOD" missed="0" covered="2"/><counter type="CLASS" missed="0" covered="1"/></class><class name="com/se310/store/model/Store" sourcefilename="Store.java"><method name="&lt;init&gt;" desc="(Ljava/lang/String;Ljava/lang/String;Ljava/lang/String;)V" line="29"><counter type="INSTRUCTION" missed="0" covered="37"/><counter type="LINE" missed="0" covered="10"/><counter type="COMPLEXITY" missed="0" covered="1"/><counter type="METHOD" missed="0" covered="1"/></method><method name="getId" desc="()Ljava/lang/String;" line="45"><counter type="INSTRUCTION" missed="3" covered="0"/><counter type="LINE" missed="1" covered="0"/><counter type="COMPLEXITY" missed="1" covered="0"/><counter type="METHOD" missed="1" covered="0"/></method><method name="setId" desc="(Ljava/lang/String;)V" line="53"><counter type="INSTRUCTION" missed="4" covered="0"/><counter type="LINE" missed="2" covered="0"/><counter type="COMPLEXITY" missed="1" covered="0"/><counter type="METHOD" missed="1" covered="0"/></method><method name="getAddress" desc="()Ljava/lang/String;" line="61"><counter type="INSTRUCTION" missed="3" covered="0"/><counter type="LINE" missed="1" covered="0"/><counter type="COMPLEXITY" missed="1" covered="0"/><counter type="METHOD" missed="1" covered="0"/></method><method name="setAddress" desc="(Ljava/lang/String;)V" line="69"><counter type="INSTRUCTION" missed="4" covered="0"/><counter type="LINE" missed="2" covered="0"/><counter type="COMPLEXITY" missed="1" covered="0"/><counter type="METHOD" missed="1" covered="0"/></method><method name="getDescription" desc="()Ljava/lang/String;" line="77"><counter type="INSTRUCTION" missed="3" covered="0"/><counter type="LINE" missed="1" covered="0"/><counter type="COMPLEXITY" missed="1" covered="0"/><counter type="METHOD" missed="1" covered="0"/></method><method name="setDescription" desc="(Ljava/lang/String;)V" line="85"><counter type="INSTRUCTION" missed="4" covered="0"/><counter type="LINE" missed="2" covered="0"/><counter type="COMPLEXITY" missed="1" covered="0"/><counter type="METHOD" missed="1" covered="0"/></method><method name="addAisle" desc="(Ljava/lang/String;Ljava/lang/String;Ljava/lang/String;Lcom/se310/store/model/AisleLocation;)Lcom/se310/store/model/Aisle;" line="100"><counter type="INSTRUCTION" missed="6" covered="16"/><counter type="BRANCH" missed="1" covered="1"/><counter type="LINE" missed="1" covered="3"/><counter type="COMPLEXITY" missed="1" covered="1"/><counter type="METHOD" missed="0" covered="1"/></method><method name="getAisle" desc="(Ljava/lang/String;)Lcom/se310/store/model/Aisle;" line="115"><counter type="INSTRUCTION" missed="6" covered="14"/><counter type="BRANCH" missed="1" covered="1"/><counter type="LINE" missed="1" covered="3"/><counter type="COMPLEXITY" missed="1" covered="1"/><counter type="METHOD" missed="0" covered="1"/></method><method name="addInventory" desc="(Lcom/se310/store/model/Inventory;)V" line="132"><counter type="INSTRUCTION" missed="6" covered="8"/><counter type="BRANCH" missed="1" covered="1"/><counter type="LINE" missed="1" covered="2"/><counter type="COMPLEXITY" missed="1" covered="1"/><counter type="METHOD" missed="0" covered="1"/></method><method name="addCustomer" desc="(Lcom/se310/store/model/Customer;)V" line="146"><counter type="INSTRUCTION" missed="14" covered="0"/><counter type="BRANCH" missed="2" covered="0"/><counter type="LINE" missed="3" covered="0"/><counter type="COMPLEXITY" missed="2" covered="0"/><counter type="METHOD" missed="1" covered="0"/></method><method name="addDevice" desc="(Lcom/se310/store/model/Device;)V" line="159"><counter type="INSTRUCTION" missed="6" covered="8"/><counter type="BRANCH" missed="1" covered="1"/><counter type="LINE" missed="1" covered="2"/><counter type="COMPLEXITY" missed="1" covered="1"/><counter type="METHOD" missed="0" covered="1"/></method><method name="addBasket" desc="(Lcom/se310/store/model/Basket;)V" line="172"><counter type="INSTRUCTION" missed="6" covered="8"/><counter type="BRANCH" missed="1" covered="1"/><counter type="LINE" missed="1" covered="2"/><counter type="COMPLEXITY" missed="1" covered="1"/><counter type="METHOD" missed="0" covered="1"/></method><method name="getCustomer" desc="(Ljava/lang/String;)Lcom/se310/store/model/Customer;" line="183"><counter type="INSTRUCTION" missed="6" covered="0"/><counter type="LINE" missed="1" covered="0"/><counter type="COMPLEXITY" missed="1" covered="0"/><counter type="METHOD" missed="1" covered="0"/></method><method name="removeCustomer" desc="(Lcom/se310/store/model/Customer;)V" line="192"><counter type="INSTRUCTION" missed="13" covered="0"/><counter type="BRANCH" missed="2" covered="0"/><counter type="LINE" missed="3" covered="0"/><counter type="COMPLEXITY" missed="2" covered="0"/><counter type="METHOD" missed="1" covered="0"/></method><method name="toString" desc="()Ljava/lang/String;" line="199"><counter type="INSTRUCTION" missed="0" covered="23"/><counter type="LINE" missed="0" covered="1"/><counter type="COMPLEXITY" missed="0" covered="1"/><counter type="METHOD" missed="0" covered="1"/></method><counter type="INSTRUCTION" missed="84" covered="114"/><counter type="BRANCH" missed="9" covered="5"/><counter type="LINE" missed="21" covered="23"/><counter type="COMPLEXITY" missed="16" covered="7"/><counter type="METHOD" missed="9" covered="7"/><counter type="CLASS" missed="0" covered="1"/></class><class name="com/se310/store/model/Shelf" sourcefilename="Shelf.java"><method name="&lt;init&gt;" desc="(Ljava/lang/String;Ljava/lang/String;Lcom/se310/store/model/ShelfLevel;Ljava/lang/String;Lcom/se310/store/model/Temperature;)V" line="30"><counter type="INSTRUCTION" missed="0" covered="23"/><counter type="LINE" missed="0" covered="8"/><counter type="COMPLEXITY" missed="0" covered="1"/><counter type="METHOD" missed="0" covered="1"/></method><method name="getId" desc="()Ljava/lang/String;" line="44"><counter type="INSTRUCTION" missed="3" covered="0"/><counter type="LINE" missed="1" covered="0"/><counter type="COMPLEXITY" missed="1" covered="0"/><counter type="METHOD" missed="1" covered="0"/></method><method name="setId" desc="(Ljava/lang/String;)V" line="52"><counter type="INSTRUCTION" missed="4" covered="0"/><counter type="LINE" missed="2" covered="0"/><counter type="COMPLEXITY" missed="1" covered="0"/><counter type="METHOD" missed="1" covered="0"/></method><method name="getName" desc="()Ljava/lang/String;" line="60"><counter type="INSTRUCTION" missed="3" covered="0"/><counter type="LINE" missed="1" covered="0"/><counter type="COMPLEXITY" missed="1" covered="0"/><counter type="METHOD" missed="1" covered="0"/></method><method name="setName" desc="(Ljava/lang/String;)V" line="68"><counter type="INSTRUCTION" missed="4" covered="0"/><counter type="LINE" missed="2" covered="0"/><counter type="COMPLEXITY" missed="1" covered="0"/><counter type="METHOD" missed="1" covered="0"/></method><method name="getLevel" desc="()Lcom/se310/store/model/ShelfLevel;" line="76"><counter type="INSTRUCTION" missed="0" covered="3"/><counter type="LINE" missed="0" covered="1"/><counter type="COMPLEXITY" missed="0" covered="1"/><counter type="METHOD" missed="0" covered="1"/></method><method name="setLevel" desc="(Lcom/se310/store/model/ShelfLevel;)V" line="84"><counter type="INSTRUCTION" missed="4" covered="0"/><counter type="LINE" missed="2" covered="0"/><counter type="COMPLEXITY" missed="1" covered="0"/><counter type="METHOD" missed="1" covered="0"/></method><method name="getDescription" desc="()Ljava/lang/String;" line="92"><counter type="INSTRUCTION" missed="3" covered="0"/><counter type="LINE" missed="1" covered="0"/><counter type="COMPLEXITY" missed="1" covered="0"/><counter type="METHOD" missed="1" covered="0"/></method><method name="setDescription" desc="(Ljava/lang/String;)V" line="100"><counter type="INSTRUCTION" missed="4" covered="0"/><counter type="LINE" missed="2" covered="0"/><counter type="COMPLEXITY" missed="1" covered="0"/><counter type="METHOD" missed="1" covered="0"/></method><method name="getTemperature" desc="()Lcom/se310/store/model/Temperature;" line="108"><counter type="INSTRUCTION" missed="0" covered="3"/><counter type="LINE" missed="0" covered="1"/><counter type="COMPLEXITY" missed="0" covered="1"/><counter type="METHOD" missed="0" covered="1"/></method><method name="setTemperature" desc="(Lcom/se310/store/model/Temperature;)V" line="116"><counter type="INSTRUCTION" missed="4" covered="0"/><counter type="LINE" missed="2" covered="0"/><counter type="COMPLEXITY" missed="1" covered="0"/><counter type="METHOD" missed="1" covered="0"/></method><method name="addInventory" desc="(Ljava/lang/String;Ljava/lang/String;Ljava/lang/String;Ljava/lang/String;IILjava/lang/String;Lcom/se310/store/model/InventoryType;)Lcom/se310/store/model/Inventory;" line="138"><counter type="INSTRUCTION" missed="12" covered="30"/><counter type="BRANCH" missed="3" covered="3"/><counter type="LINE" missed="2" covered="5"/><counter type="COMPLEXITY" missed="3" covered="1"/><counter type="METHOD" missed="0" covered="1"/></method><method name="getInventoryMap" desc="()Ljava/util/Map;" line="157"><counter type="INSTRUCTION" missed="0" covered="3"/><counter type="LINE" missed="0" covered="1"/><counter type="COMPLEXITY" missed="0" covered="1"/><counter type="METHOD" missed="0" covered="1"/></method><method name="toString" desc="()Ljava/lang/String;" line="162"><counter type="INSTRUCTION" missed="0" covered="17"/><counter type="LINE" missed="0" covered="1"/><counter type="COMPLEXITY" missed="0" covered="1"/><counter type="METHOD" missed="0" covered="1"/></method><counter type="INSTRUCTION" missed="41" covered="79"/><counter type="BRANCH" missed="3" covered="3"/><counter type="LINE" missed="15" covered="17"/><counter type="COMPLEXITY" missed="11" covered="6"/><counter type="METHOD" missed="8" covered="6"/><counter type="CLASS" missed="0" covered="1"/></class><sourcefile name="Inventory.java"><line nr="28" mi="0" ci="2" mb="0" cb="0"/><line nr="29" mi="0" ci="3" mb="0" cb="0"/><line nr="30" mi="0" ci="3" mb="0" cb="0"/><line nr="31" mi="0" ci="3" mb="0" cb="0"/><line nr="32" mi="0" ci="3" mb="0" cb="0"/><line nr="33" mi="0" ci="3" mb="0" cb="0"/><line nr="34" mi="0" ci="3" mb="0" cb="0"/><line nr="35" mi="0" ci="1" mb="0" cb="0"/><line nr="42" mi="0" ci="3" mb="0" cb="0"/><line nr="50" mi="3" ci="0" mb="0" cb="0"/><line nr="51" mi="1" ci="0" mb="0" cb="0"/><line nr="58" mi="3" ci="0" mb="0" cb="0"/><line nr="66" mi="3" ci="0" mb="0" cb="0"/><line nr="67" mi="1" ci="0" mb="0" cb="0"/><line nr="74" mi="0" ci="3" mb="0" cb="0"/><line nr="82" mi="3" ci="0" mb="0" cb="0"/><line nr="83" mi="1" ci="0" mb="0" cb="0"/><line nr="90" mi="0" ci="3" mb="0" cb="0"/><line nr="98" mi="0" ci="3" mb="0" cb="0"/><line nr="99" mi="0" ci="1" mb="0" cb="0"/><line nr="106" mi="0" ci="3" mb="0" cb="0"/><line nr="114" mi="3" ci="0" mb="0" cb="0"/><line nr="115" mi="1" ci="0" mb="0" cb="0"/><line nr="127" mi="0" ci="9" mb="1" cb="3"/><line nr="128" mi="0" ci="6" mb="0" cb="0"/><line nr="131" mi="0" ci="6" mb="0" cb="0"/><line nr="132" mi="0" ci="1" mb="0" cb="0"/><line nr="139" mi="3" ci="0" mb="0" cb="0"/><line nr="148" mi="3" ci="0" mb="0" cb="0"/><line nr="149" mi="1" ci="0" mb="0" cb="0"/><line nr="153" mi="0" ci="16" mb="0" cb="0"/><counter type="INSTRUCTION" missed="26" covered="75"/><counter type="BRANCH" missed="1" covered="3"/><counter type="LINE" missed="12" covered="19"/><counter type="COMPLEXITY" missed="8" covered="9"/><counter type="METHOD" missed="7" covered="8"/><counter type="CLASS" missed="0" covered="1"/></sourcefile><sourcefile name="InventoryType.java"><line nr="10" mi="0" ci="3" mb="0" cb="0"/><line nr="11" mi="0" ci="6" mb="0" cb="0"/><line nr="12" mi="0" ci="6" mb="0" cb="0"/><counter type="INSTRUCTION" missed="0" covered="15"/><counter type="LINE" missed="0" covered="3"/><counter type="COMPLEXITY" missed="0" covered="1"/><counter type="METHOD" missed="0" covered="1"/><counter type="CLASS" missed="0" covered="1"/></sourcefile><sourcefile name="StoreException.java"><line nr="19" mi="0" ci="2" mb="0" cb="0"/><line nr="20" mi="0" ci="3" mb="0" cb="0"/><line nr="21" mi="0" ci="3" mb="0" cb="0"/><line nr="22" mi="0" ci="1" mb="0" cb="0"/><line nr="29" mi="0" ci="3" mb="0" cb="0"/><line nr="37" mi="3" ci="0" mb="0" cb="0"/><line nr="38" mi="1" ci="0" mb="0" cb="0"/><line nr="45" mi="0" ci="3" mb="0" cb="0"/><line nr="53" mi="3" ci="0" mb="0" cb="0"/><line nr="54" mi="1" ci="0" mb="0" cb="0"/><counter type="INSTRUCTION" missed="8" covered="15"/><counter type="LINE" missed="4" covered="6"/><counter type="COMPLEXITY" missed="2" covered="3"/><counter type="METHOD" missed="2" covered="3"/><counter type="CLASS" missed="0" covered="1"/></sourcefile><sourcefile name="Customer.java"><line nr="35" mi="0" ci="2" mb="0" cb="0"/><line nr="36" mi="0" ci="3" mb="0" cb="0"/><line nr="37" mi="0" ci="3" mb="0" cb="0"/><line nr="38" mi="0" ci="3" mb="0" cb="0"/><line nr="39" mi="0" ci="3" mb="0" cb="0"/><line nr="40" mi="0" ci="3" mb="0" cb="0"/><line nr="41" mi="0" ci="3" mb="0" cb="0"/><line nr="42" mi="0" ci="1" mb="0" cb="0"/><line nr="49" mi="3" ci="0" mb="0" cb="0"/><line nr="57" mi="3" ci="0" mb="0" cb="0"/><line nr="58" mi="1" ci="0" mb="0" cb="0"/><line nr="65" mi="3" ci="0" mb="
[...]
 nr="139" mi="0" ci="6" mb="0" cb="0"/><line nr="144" mi="0" ci="4" mb="0" cb="0"/><line nr="145" mi="0" ci="8" mb="0" cb="0"/><line nr="150" mi="0" ci="4" mb="0" cb="0"/><line nr="151" mi="0" ci="8" mb="0" cb="0"/><line nr="156" mi="0" ci="4" mb="0" cb="0"/><line nr="157" mi="0" ci="6" mb="0" cb="0"/><line nr="162" mi="0" ci="6" mb="0" cb="0"/><line nr="167" mi="0" ci="4" mb="0" cb="0"/><line nr="168" mi="0" ci="10" mb="0" cb="0"/><line nr="173" mi="0" ci="6" mb="0" cb="0"/><line nr="178" mi="0" ci="4" mb="0" cb="0"/><line nr="179" mi="0" ci="6" mb="0" cb="0"/><line nr="180" mi="0" ci="1" mb="0" cb="0"/><line nr="184" mi="0" ci="3" mb="0" cb="0"/><line nr="185" mi="0" ci="6" mb="0" cb="0"/><line nr="186" mi="0" ci="1" mb="0" cb="0"/><counter type="INSTRUCTION" missed="6" covered="284"/><counter type="BRANCH" missed="2" covered="2"/><counter type="LINE" missed="1" covered="51"/><counter type="COMPLEXITY" missed="2" covered="27"/><counter type="METHOD" missed="0" covered="27"/><counter type="CLASS" missed="0" covered="1"/></sourcefile><sourcefile name="StoreService.java"/><counter type="INSTRUCTION" missed="6" covered="284"/><counter type="BRANCH" missed="2" covered="2"/><counter type="LINE" missed="1" covered="51"/><counter type="COMPLEXITY" missed="2" covered="27"/><counter type="METHOD" missed="0" covered="27"/><counter type="CLASS" missed="0" covered="1"/></package><package name="com/se310/store/factory"><class name="com/se310/store/factory/CustomerFactory" sourcefilename="CustomerFactory.java"><method name="&lt;init&gt;" desc="()V" line="12"><counter type="INSTRUCTION" missed="3" covered="0"/><counter type="LINE" missed="1" covered="0"/><counter type="COMPLEXITY" missed="1" covered="0"/><counter type="METHOD" missed="1" covered="0"/></method><method name="createCustomer" desc="(Ljava/lang/String;Ljava/lang/String;Ljava/lang/String;Lcom/se310/store/model/CustomerType;Ljava/lang/String;Ljava/lang/String;)Lcom/se310/store/model/Customer;" line="16"><counter type="INSTRUCTION" missed="15" covered="23"/><counter type="BRANCH" missed="2" covered="3"/><counter type="LINE" missed="3" covered="4"/><counter type="COMPLEXITY" missed="2" covered="2"/><counter type="METHOD" missed="0" covered="1"/></method><method name="createStandardCustomer" desc="(Ljava/lang/String;Ljava/lang/String;Ljava/lang/String;Lcom/se310/store/model/CustomerType;Ljava/lang/String;Ljava/lang/String;)Lcom/se310/store/model/Customer;" line="34"><counter type="INSTRUCTION" missed="12" covered="0"/><counter type="LINE" missed="2" covered="0"/><counter type="COMPLEXITY" missed="1" covered="0"/><counter type="METHOD" missed="1" covered="0"/></method><method name="createGuestCustomer" desc="(Ljava/lang/String;Ljava/lang/String;Ljava/lang/String;Lcom/se310/store/model/CustomerType;Ljava/lang/String;Ljava/lang/String;)Lcom/se310/store/model/Customer;" line="40"><counter type="INSTRUCTION" missed="0" covered="12"/><counter type="LINE" missed="0" covered="2"/><counter type="COMPLEXITY" missed="0" covered="1"/><counter type="METHOD" missed="0" covered="1"/></method><method name="createRegisteredCustomer" desc="(Ljava/lang/String;Ljava/lang/String;Ljava/lang/String;Lcom/se310/store/model/CustomerType;Ljava/lang/String;Ljava/lang/String;)Lcom/se310/store/model/Customer;" line="47"><counter type="INSTRUCTION" missed="0" covered="12"/><counter type="LINE" missed="0" covered="2"/><counter type="COMPLEXITY" missed="0" covered="1"/><counter type="METHOD" missed="0" covered="1"/></method><counter type="INSTRUCTION" missed="30" covered="47"/><counter type="BRANCH" missed="2" covered="3"/><counter type="LINE" missed="6" covered="8"/><counter type="COMPLEXITY" missed="4" covered="4"/><counter type="METHOD" missed="2" covered="3"/><counter type="CLASS" missed="0" covered="1"/></class><class name="com/se310/store/factory/ProductFactory" sourcefilename="ProductFactory.java"><method name="&lt;init&gt;" desc="()V" line="12"><counter type="INSTRUCTION" missed="3" covered="0"/><counter type="LINE" missed="1" covered="0"/><counter type="COMPLEXITY" missed="1" covered="0"/><counter type="METHOD" missed="1" covered="0"/></method><method name="createProduct" desc="(Ljava/lang/String;Ljava/lang/String;Ljava/lang/String;Ljava/lang/String;Ljava/lang/String;Ljava/lang/Double;Lcom/se310/store/model/Temperature;)Lcom/se310/store/model/Product;" line="18"><counter type="INSTRUCTION" missed="9" covered="48"/><counter type="BRANCH" missed="1" covered="7"/><counter type="LINE" missed="1" covered="10"/><counter type="COMPLEXITY" missed="1" covered="4"/><counter type="METHOD" missed="0" covered="1"/></method><method name="createPremiumProduct" desc="(Ljava/lang/String;Ljava/lang/String;Ljava/lang/String;Ljava/lang/String;Ljava/lang/String;Ljava/lang/Double;Lcom/se310/store/model/Temperature;)Lcom/se310/store/model/Product;" line="40"><counter type="INSTRUCTION" missed="0" covered="24"/><counter type="LINE" missed="0" covered="3"/><counter type="COMPLEXITY" missed="0" covered="1"/><counter type="METHOD" missed="0" covered="1"/></method><method name="createStandardProduct" desc="(Ljava/lang/String;Ljava/lang/String;Ljava/lang/String;Ljava/lang/String;Ljava/lang/String;Ljava/lang/Double;Lcom/se310/store/model/Temperature;)Lcom/se310/store/model/Product;" line="49"><counter type="INSTRUCTION" missed="13" covered="0"/><counter type="LINE" missed="2" covered="0"/><counter type="COMPLEXITY" missed="1" covered="0"/><counter type="METHOD" missed="1" covered="0"/></method><method name="createDiscountedProduct" desc="(Ljava/lang/String;Ljava/lang/String;Ljava/lang/String;Ljava/lang/String;Ljava/lang/String;Ljava/lang/Double;Lcom/se310/store/model/Temperature;)Lcom/se310/store/model/Product;" line="55"><counter type="INSTRUCTION" missed="0" covered="24"/><counter type="LINE" missed="0" covered="3"/><counter type="COMPLEXITY" missed="0" covered="1"/><counter type="METHOD" missed="0" covered="1"/></method><counter type="INSTRUCTION" missed="25" covered="96"/><counter type="BRANCH" missed="1" covered="7"/><counter type="LINE" missed="4" covered="16"/><counter type="COMPLEXITY" missed="3" covered="6"/><counter type="METHOD" missed="2" covered="3"/><counter type="CLASS" missed="0" covered="1"/></class><sourcefile name="CustomerFactory.java"><line nr="12" mi="3" ci="0" mb="0" cb="0"/><line nr="16" mi="0" ci="2" mb="1" cb="1"/><line nr="18" mi="8" ci="0" mb="0" cb="0"/><line nr="21" mi="0" ci="5" mb="1" cb="2"/><line nr="23" mi="0" ci="8" mb="0" cb="0"/><line nr="25" mi="0" ci="8" mb="0" cb="0"/><line nr="27" mi="3" ci="0" mb="0" cb="0"/><line nr="28" mi="4" ci="0" mb="0" cb="0"/><line nr="34" mi="10" ci="0" mb="0" cb="0"/><line nr="36" mi="2" ci="0" mb="0" cb="0"/><line nr="40" mi="0" ci="10" mb="0" cb="0"/><line nr="42" mi="0" ci="2" mb="0" cb="0"/><line nr="47" mi="0" ci="10" mb="0" cb="0"/><line nr="49" mi="0" ci="2" mb="0" cb="0"/><counter type="INSTRUCTION" missed="30" covered="47"/><counter type="BRANCH" missed="2" covered="3"/><counter type="LINE" missed="6" covered="8"/><counter type="COMPLEXITY" missed="4" covered="4"/><counter type="METHOD" missed="2" covered="3"/><counter type="CLASS" missed="0" covered="1"/></sourcefile><sourcefile name="ProductFactory.java"><line nr="12" mi="3" ci="0" mb="0" cb="0"/><line nr="18" mi="0" ci="2" mb="0" cb="0"/><line nr="19" mi="0" ci="2" mb="0" cb="0"/><line nr="20" mi="0" ci="9" mb="0" cb="4"/><line nr="21" mi="0" ci="6" mb="0" cb="0"/><line nr="22" mi="0" ci="2" mb="0" cb="0"/><line nr="24" mi="0" ci="3" mb="0" cb="0"/><line nr="27" mi="0" ci="3" mb="0" cb="2"/><line nr="28" mi="0" ci="9" mb="0" cb="0"/><line nr="30" mi="0" ci="3" mb="1" cb="1"/><line nr="31" mi="9" ci="0" mb="0" cb="0"/><line nr="34" mi="0" ci="9" mb="0" cb="0"/><line nr="40" mi="0" ci="2" mb="0" cb="0"/><line nr="42" mi="0" ci="20" mb="0" cb="0"/><line nr="44" mi="0" ci="2" mb="0" cb="0"/><line nr="49" mi="11" ci="0" mb="0" cb="0"/><line nr="51" mi="2" ci="0" mb="0" cb="0"/><line nr="55" mi="0" ci="2" mb="0" cb="0"/><line nr="57" mi="0" ci="20" mb="0" cb="0"/><line nr="59" mi="0" ci="2" mb="0" cb="0"/><counter type="INSTRUCTION" missed="25" covered="96"/><counter type="BRANCH" missed="1" covered="7"/><counter type="LINE" missed="4" covered="16"/><counter type="COMPLEXITY" missed="3" covered="6"/><counter type="METHOD" missed="2" covered="3"/><counter type="CLASS" missed="0" covered="1"/></sourcefile><counter type="INSTRUCTION" missed="55" covered="143"/><counter type="BRANCH" missed="3" covered="10"/><counter type="LINE" missed="10" covered="24"/><counter type="COMPLEXITY" missed="7" covered="10"/><counter type="METHOD" missed="4" covered="6"/><counter type="CLASS" missed="0" covered="2"/></package><package name="com/se310/store/facade"><class name="com/se310/store/facade/StoreFacade" sourcefilename="StoreFacade.java"><method name="&lt;init&gt;" desc="(Ljava/lang/String;)V" line="35"><counter type="INSTRUCTION" missed="0" covered="12"/><counter type="LINE" missed="0" covered="4"/><counter type="COMPLEXITY" missed="0" covered="1"/><counter type="METHOD" missed="0" covered="1"/></method><method name="provisionStore" desc="(Ljava/lang/String;Ljava/lang/String;Ljava/lang/String;)Lcom/se310/store/model/Store;" line="42"><counter type="INSTRUCTION" missed="0" covered="9"/><counter type="LINE" missed="0" covered="1"/><counter type="COMPLEXITY" missed="0" covered="1"/><counter type="METHOD" missed="0" covered="1"/></method><method name="showStore" desc="(Ljava/lang/String;)Lcom/se310/store/model/Store;" line="46"><counter type="INSTRUCTION" missed="0" covered="7"/><counter type="LINE" missed="0" covered="1"/><counter type="COMPLEXITY" missed="0" covered="1"/><counter type="METHOD" missed="0" covered="1"/></method><method name="provisionAisle" desc="(Ljava/lang/String;Ljava/lang/String;Ljava/lang/String;Ljava/lang/String;Lcom/se310/store/model/AisleLocation;)Lcom/se310/store/model/Aisle;" line="51"><counter type="INSTRUCTION" missed="0" covered="11"/><counter type="LINE" missed="0" covered="1"/><counter type="COMPLEXITY" missed="0" covered="1"/><counter type="METHOD" missed="0" covered="1"/></method><method name="showAisle" desc="(Ljava/lang/String;Ljava/lang/String;)Lcom/se310/store/model/Aisle;" line="55"><counter type="INSTRUCTION" missed="0" covered="8"/><counter type="LINE" missed="0" covered="1"/><counter type="COMPLEXITY" missed="0" covered="1"/><counter type="METHOD" missed="0" covered="1"/></method><method name="provisionShelf" desc="(Ljava/lang/String;Ljava/lang/String;Ljava/lang/String;Ljava/lang/String;Lcom/se310/store/model/ShelfLevel;Ljava/lang/String;Lcom/se310/store/model/Temperature;)Lcom/se310/store/model/Shelf;" line="60"><counter type="INSTRUCTION" missed="0" covered="13"/><counter type="LINE" missed="0" covered="1"/><counter type="COMPLEXITY" missed="0" covered="1"/><counter type="METHOD" missed="0" covered="1"/></method><method name="showShelf" desc="(Ljava/lang/String;Ljava/lang/String;Ljava/lang/String;)Lcom/se310/store/model/Shelf;" line="64"><counter type="INSTRUCTION" missed="0" covered="9"/><counter type="LINE" missed="0" covered="1"/><counter type="COMPLEXITY" missed="0" covered="1"/><counter type="METHOD" missed="0" covered="1"/></method><method name="provisionInventory" desc="(Ljava/lang/String;Ljava/lang/String;Ljava/lang/String;Ljava/lang/String;IILjava/lang/String;Lcom/se310/store/model/InventoryType;)Lcom/se310/store/model/Inventory;" line="69"><counter type="INSTRUCTION" missed="0" covered="14"/><counter type="LINE" missed="0" covered="1"/><counter type="COMPLEXITY" missed="0" covered="1"/><counter type="METHOD" missed="0" covered="1"/></method><method name="showInventory" desc="(Ljava/lang/String;)Lcom/se310/store/model/Inventory;" line="73"><counter type="INSTRUCTION" missed="0" covered="7"/><counter type="LINE" missed="0" covered="1"/><counter type="COMPLEXITY" missed="0" covered="1"/><counter type="METHOD" missed="0" covered="1"/></method><method name="updateInventory" desc="(Ljava/lang/String;I)Lcom/se310/store/model/Inventory;" line="77"><counter type="INSTRUCTION" missed="0" covered="8"/><counter type="LINE" missed="0" covered="1"/><counter type="COMPLEXITY" missed="0" covered="1"/><counter type="METHOD" missed="0" covered="1"/></method><method name="provisionProduct" desc="(Ljava/lang/String;Ljava/lang/String;Ljava/lang/String;Ljava/lang/String;Ljava/lang/String;DLcom/se310/store/model/Temperature;)Lcom/se310/store/model/Product;" line="82"><counter type="INSTRUCTION" missed="0" covered="30"/><counter type="LINE" missed="0" covered="2"/><counter type="COMPLEXITY" missed="0" covered="1"/><counter type="METHOD" missed="0" covered="1"/></method><method name="showProduct" desc="(Ljava/lang/String;)Lcom/se310/store/model/Product;" line="87"><counter type="INSTRUCTION" missed="0" covered="7"/><counter type="LINE" missed="0" covered="1"/><counter type="COMPLEXITY" missed="0" covered="1"/><counter type="METHOD" missed="0" covered="1"/></method><method name="provisionCustomer" desc="(Ljava/lang/String;Ljava/lang/String;Ljava/lang/String;Lcom/se310/store/model/CustomerType;Ljava/lang/String;Ljava/lang/String;)Lcom/se310/store/model/Customer;" line="92"><counter type="INSTRUCTION" missed="0" covered="20"/><counter type="LINE" missed="0" covered="2"/><counter type="COMPLEXITY" missed="0" covered="1"/><counter type="METHOD" missed="0" covered="1"/></method><method name="showCustomer" desc="(Ljava/lang/String;)Lcom/se310/store/model/Customer;" line="97"><counter type="INSTRUCTION" missed="0" covered="7"/><counter type="LINE" missed="0" covered="1"/><counter type="COMPLEXITY" missed="0" covered="1"/><counter type="METHOD" missed="0" covered="1"/></method><method name="updateCustomer" desc="(Ljava/lang/String;Ljava/lang/String;Ljava/lang/String;)Lcom/se310/store/model/Customer;" line="101"><counter type="INSTRUCTION" missed="0" covered="9"/><counter type="LINE" missed="0" covered="1"/><counter type="COMPLEXITY" missed="0" covered="1"/><counter type="METHOD" missed="0" covered="1"/></method><method name="provisionBasket" desc="(Ljava/lang/String;)Lcom/se310/store/model/Basket;" line="106"><counter type="INSTRUCTION" missed="0" covered="7"/><counter type="LINE" missed="0" covered="1"/><counter type="COMPLEXITY" missed="0" covered="1"/><counter type="METHOD" missed="0" covered="1"/></method><method name="assignCustomerBasket" desc="(Ljava/lang/String;Ljava/lang/String;)Lcom/se310/store/model/Basket;" line="110"><counter type="INSTRUCTION" missed="0" covered="8"/><counter type="LINE" missed="0" covered="1"/><counter type="COMPLEXITY" missed="0" covered="1"/><counter type="METHOD" missed="0" covered="1"/></method><method name="getCustomerBasket" desc="(Ljava/lang/String;)Lcom/se310/store/model/Basket;" line="114"><counter type="INSTRUCTION" missed="0" covered="7"/><counter type="LINE" missed="0" covered="1"/><counter type="COMPLEXITY" missed="0" covered="1"/><counter type="METHOD" missed="0" covered="1"/></method><method name="addBasketProduct" desc="(Ljava/lang/String;Ljava/lang/String;I)Lcom/se310/store/model/Basket;" line="118"><counter type="INSTRUCTION" missed="0" covered="9"/><counter type="LINE" missed="0" covered="1"/><counter type="COMPLEXITY" missed="0" covered="1"/><counter type="METHOD" missed="0" covered="1"/></method><method name="removeBasketProduct" desc="(Ljava/lang/String;Ljava/lang/String;I)Lcom/se310/store/model/Basket;" line="122"><counter type="INSTRUCTION" missed="0" covered="9"/><counter type="LINE" missed="0" covered="1"/><counter type="COMPLEXITY" missed="0" covered="1"/><counter type="METHOD" missed="0" covered="1"/></method><method name="clearBasket" desc="(Ljava/lang/String;)Lcom/se310/store/model/Basket;" line="126"><counter type="INSTRUCTION" missed="0" covered="7"/><counter type="LINE" missed="0" covered="1"/><counter type="COMPLEXITY" missed="0" covered="1"/><counter type="METHOD" missed="0" covered="1"/></method><method name="showBasket" desc="(Ljava/lang/String;)Lcom/se310/store/model/Basket;" line="130"><counter type="INSTRUCTION" missed="0" covered="7"/><counter type="LINE" missed="0" covered="1"/><counter type="COMPLEXITY" missed="0" covered="1"/><counter type="METHOD" missed="0" covered="1"/></method><method name="provisionDevice" desc="(Ljava/lang/String;Ljava/lang/String;Ljava/lang/String;Ljava/lang/String;Ljava/lang/String;)Lcom/se310/store/model/Device;" line="135"><counter type="INSTRUCTION" missed="0" covered="11"/><counter type="LINE" missed="0" covered="1"/><counter type="COMPLEXITY" missed="0" covered="1"/><counter type="METHOD" missed="0" covered="1"/></method><method name="showDevice" desc="(Ljava/lang/String;)Lcom/se310/store/model/Device;" line="139"><counter type="INSTRUCTION" missed="0" covered="7"/><counter type="LINE" missed="0" covered="1"/><counter type="COMPLEXITY" missed="0" covered="1"/><counter type="METHOD" missed="0" covered="1"/></method><method name="raiseEvent" desc="(Ljava/lang/String;Ljava/lang/String;)V" line="144"><counter type="INSTRUCTION" missed="0" covered="8"/><counter type="LINE" missed="0" covered="2"/><counter type="COMPLEXITY" missed="0" covered="1"/><counter type="METHOD" missed="0" covered="1"/></method><method name="issueCommand" desc="(Ljava/lang/String;Ljava/lang/String;)V" line="148"><counter type="INSTRUCTION" missed="0" covered="8"/><counter type="LINE" missed="0" covered="2"/><counter type="COMPLEXITY" missed="0" covered="1"/><counter type="METHOD" missed="0" covered="1"/></method><counter type="INSTRUCTION" missed="0" covered="259"/><counter type="LINE" missed="0" covered="33"/><counter type="COMPLEXITY" missed="0" covered="26"/><counter type="METHOD" missed="0" covered="26"/><counter type="CLASS" missed="0" covered="1"/></class><sourcefile name="StoreFacade.java"><line nr="35" mi="0" ci="2" mb="0" cb="0"/><line nr="36" mi="0" ci="3" mb="0" cb="0"/><line nr="37" mi="0" ci="6" mb="0" cb="0"/><line nr="38" mi="0" ci="1" mb="0" cb="0"/><line nr="42" mi="0" ci="9" mb="0" cb="0"/><line nr="46" mi="0" ci="7" mb="0" cb="0"/><line nr="51" mi="0" ci="11" mb="0" cb="0"/><line nr="55" mi="0" ci="8" mb="0" cb="0"/><line nr="60" mi="0" ci="13" mb="0" cb="0"/><line nr="64" mi="0" ci="9" mb="0" cb="0"/><line nr="69" mi="0" ci="14" mb="0" cb="0"/><line nr="73" mi="0" ci="7" mb="0" cb="0"/><line nr="77" mi="0" ci="8" mb="0" cb="0"/><line nr="82" mi="0" ci="10" mb="0" cb="0"/><line nr="83" mi="0" ci="20" mb="0" cb="0"/><line nr="87" mi="0" ci="7" mb="0" cb="0"/><line nr="92" mi="0" ci="8" mb="0" cb="0"/><line nr="93" mi="0" ci="12" mb="0" cb="0"/><line nr="97" mi="0" ci="7" mb="0" cb="0"/><line nr="101" mi="0" ci="9" mb="0" cb="0"/><line nr="106" mi="0" ci="7" mb="0" cb="0"/><line nr="110" mi="0" ci="8" mb="0" cb="0"/><line nr="114" mi="0" ci="7" mb="0" cb="0"/><line nr="118" mi="0" ci="9" mb="0" cb="0"/><line nr="122" mi="0" ci="9" mb="0" cb="0"/><line nr="126" mi="0" ci="7" mb="0" cb="0"/><line nr="130" mi="0" ci="7" mb="0" cb="0"/><line nr="135" mi="0" ci="11" mb="0" cb="0"/><line nr="139" mi="0" ci="7" mb="0" cb="0"/><line nr="144" mi="0" ci="7" mb="0" cb="0"/><line nr="145" mi="0" ci="1" mb="0" cb="0"/><line nr="148" mi="0" ci="7" mb="0" cb="0"/><line nr="149" mi="0" ci="1" mb="0" cb="0"/><counter type="INSTRUCTION" missed="0" covered="259"/><counter type="LINE" missed="0" covered="33"/><counter type="COMPLEXITY" missed="0" covered="26"/><counter type="METHOD" missed="0" covered="26"/><counter type="CLASS" missed="0" covered="1"/></sourcefile><counter type="INSTRUCTION" missed="0" covered="259"/><counter type="LINE" missed="0" covered="33"/><counter type="COMPLEXITY" missed="0" covered="26"/><counter type="METHOD" missed="0" covered="26"/><counter type="CLASS" missed="0" covered="1"/></package><counter type="INSTRUCTION" missed="819" covered="3106"/><counter type="BRANCH" missed="80" covered="165"/><counter type="LINE" missed="215" covered="622"/><counter type="COMPLEXITY" missed="159" covered="225"/><counter type="METHOD" missed="85" covered="176"/><counter type="CLASS" missed="7" covered="27"/></report>